<?xml version="1.0" encoding="UTF-8"?>
<testsuite xmlns:xsi="http://www.w3.org/2001/XMLSchema-instance" xsi:noNamespaceSchemaLocation="https://maven.apache.org/surefire/maven-failsafe-plugin/xsd/failsafe-test-report-3.0.xsd" version="3.0" name="CucumberTestSuite" time="21.159" tests="1" errors="1" skipped="0" failures="0">
  <properties>
[...]
</properties>
  <testcase name="Go to baby page" classname="Baby" time="17.554">
    <error type="org.openqa.selenium.InvalidElementStateException"><![CDATA[org.openqa.selenium.InvalidElementStateException: 
invalid element state
  (Session info: MicrosoftEdge=111.0.1661.62)
Build info: version: '4.1.2', revision: '9a5a329c5a'
System info: host: 'DESKTOP-3MAQDS2', ip: '192.168.56.1', os.name: 'Windows 10', os.arch: 'amd64', os.version: '10.0', java.version: '13.0.2'
Driver info: org.openqa.selenium.edge.EdgeDriver
Command: [d4750a2600c9d3c9f4ec99d8f7bea6dd, clearElement {id=19e92ab4-c3f8-41f9-acf0-5b1402f03918}]
Capabilities {acceptInsecureCerts: false, browserName: msedge, browserVersion: 111.0.1661.62, javascriptEnabled: true, ms:edgeOptions: {debuggerAddress: localhost:54171}, msedge: {msedgedriverVersion: 111.0.1661.62 (0a8f453929e6..., userDataDir: C:\Users\alwi\AppData\Local...}, networkConnectionEnabled: false, pageLoadStrategy: normal, platform: WINDOWS, platformName: WINDOWS, proxy: Proxy(), se:cdp: ws://localhost:54171/devtoo..., se:cdpVersion: 111.0.1661.62, setWindowRect: true, strictFileInteractability: false, timeouts: {implicit: 0, pageLoad: 300000, script: 30000}, unhandledPromptBehavior: dismiss and notify, webauthn:extension:credBlob: true, webauthn:extension:largeBlob: true, webauthn:extension:minPinLength: true, webauthn:extension:prf: true, webauthn:virtualAuthenticators: true}
Element: [[EdgeDriver: msedge on WINDOWS (d4750a2600c9d3c9f4ec99d8f7bea6dd)] -> xpath: //span[text()[contains(.,'BAYI')]]]
Session ID: d4750a2600c9d3c9f4ec99d8f7bea6dd
]]></error>
    <system-out><![CDATA[12:54:25.868 [main] INFO io.cucumber.core.plugin.SerenityReporter - Running feature from file:///C:/Users/alwi/IdeaProjects/uniqloweb/src/test/resources/features/Baby.feature
12:54:26.026 [main] INFO  - 

-------------------------------------------------------------------------------------
     _______. _______ .______       _______ .__   __.  __  .___________.____    ____ 
    /       ||   ____||   _  \     |   ____||  \ |  | |  | |           |\   \  /   / 
   |   (----`|  |__   |  |_)  |    |  |__   |   \|  | |  | `---|  |----` \   \/   /  
    \   \    |   __|  |      /     |   __|  |  . `  | |  |     |  |       \_    _/   
.----)   |   |  |____ |  |\  \----.|  |____ |  |\   | |  |     |  |         |  |     
|_______/    |_______|| _| `._____||_______||__| \__| |__|     |__|         |__|    
                                                                                     
 News and tutorials at http://www.serenity-bdd.info                                  
 Documentation at https://wakaleo.gitbooks.io/the-serenity-book/content/             
 Join the Serenity Community on Gitter: https://gitter.im/serenity-bdd/serenity-core 
 Serenity BDD Support and Training at http://serenity-bdd.info/#/trainingandsupport  
-------------------------------------------------------------------------------------

12:54:26.030 [main] DEBUG net.thucydides.core.steps.StepEventBus - Test suite started for story net.thucydides.core.model.Story@749543e8
12:54:26.036 [main] INFO  - Test Suite Started: Baby
12:54:26.048 [main] INFO io.cucumber.core.plugin.SerenityReporter - Running feature from file:///C:/Users/alwi/IdeaProjects/uniqloweb/src/test/resources/features/Baby.feature
12:54:26.052 [main] DEBUG net.thucydides.core.steps.StepEventBus - Test suite started for story net.thucydides.core.model.Story@749543e8
12:54:26.052 [main] INFO  - Test Suite Started: Baby

Scenario: Go to baby page         &amp#27;[90m# src/test/resources/features/Baby.feature:6&amp#27;[0m
12:54:26.130 [main] INFO io.cucumber.core.plugin.SerenityReporter - Running feature from file:///C:/Users/alwi/IdeaProjects/uniqloweb/src/test/resources/features/Baby.feature
12:54:26.232 [main] INFO  - 
  _____   ___   ___   _____     ___   _____     _     ___   _____   ___   ___  
 |_   _| | __| / __| |_   _|   / __| |_   _|   /_\   | _ \ |_   _| | __| |   \ 
   | |   | _|  \__ \   | |     \__ \   | |    / _ \  |   /   | |   | _|  | |) |
   |_|   |___| |___/   |_|     |___/   |_|   /_/ \_\ |_|_\   |_|   |___| |___/ 

Go to baby page(baby;go-to-baby-page)
--------------------------------------------------------------------------------
12:54:27.652 [main] DEBUG io.github.bonigarcia.wdm.cache.ResolutionCache - Resolution edge=111 in cache (valid until 13:22:00 03/04/2023 WIB)
12:54:27.658 [main] DEBUG io.github.bonigarcia.wdm.cache.ResolutionCache - Resolution edge111=111.0.1661.62 in cache (valid until 12:22:00 04/04/2023 WIB)
12:54:27.661 [main] INFO io.github.bonigarcia.wdm.WebDriverManager - Using msedgedriver 111.0.1661.62 (resolved driver for Edge 111)
12:54:27.684 [main] DEBUG io.github.bonigarcia.wdm.WebDriverManager - Driver msedgedriver 111.0.1661.62 found in cache
12:54:27.685 [main] INFO io.github.bonigarcia.wdm.WebDriverManager - Exporting webdriver.edge.driver as C:\Users\alwi\.cache\selenium\msedgedriver\win64\111.0.1661.62\msedgedriver.exe
12:54:28.343 [main] DEBUG net.thucydides.core.reflection.ClassFinder - Could not load class .CucumberTestSuite
12:54:28.343 [main] DEBUG net.thucydides.core.reflection.ClassFinder - Could not load class .starter.pages.BabyPage
12:54:28.343 [main] DEBUG net.thucydides.core.reflection.ClassFinder - Could not load class .starter.stepdefinitions.BabyStep
12:54:28.343 [main] DEBUG net.thucydides.core.reflection.ClassFinder - Could not load class META-INF.versions.9.com.sun.istack.logging.StackHelper
12:54:28.344 [main] DEBUG net.thucydides.core.reflection.ClassFinder - Could not load class META-INF.versions.9.com.sun.xml.bind.v2.runtime.reflect.opt.AccessorInjector
12:54:28.344 [main] DEBUG net.thucydides.core.reflection.ClassFinder - Could not load class META-INF.versions.9.com.sun.xml.bind.v2.runtime.reflect.opt.Injector
12:54:28.345 [main] DEBUG net.thucydides.core.reflection.ClassFinder - Could not load class META-INF.versions.9.com.sun.xml.bind.v2.runtime.reflect.opt.OptimizedAccessorFactory
12:54:28.345 [main] DEBUG net.thucydides.core.reflection.ClassFinder - Could not load class META-INF.versions.9.com.sun.xml.bind.v2.runtime.reflect.opt.OptimizedTransducedAccessorFactory
12:54:28.345 [main] DEBUG net.thucydides.core.reflection.ClassFinder - Could not load class META-INF.versions.9.io.opentelemetry.sdk.internal.CurrentJavaVersionSpecific
12:54:28.346 [main] DEBUG net.thucydides.core.reflection.ClassFinder - Could not load class META-INF.versions.9.io.opentelemetry.sdk.internal.Java9VersionSpecific
12:54:28.346 [main] DEBUG net.thucydides.core.reflection.ClassFinder - Could not load class META-INF.versions.9.javax.xml.bind.ModuleUtil
12:54:28.346 [main] DEBUG net.thucydides.core.reflection.ClassFinder - Could not load class META-INF.versions.9.module-info
12:54:28.347 [main] DEBUG net.thucydides.core.reflection.ClassFinder - Could not load class META-INF.versions.9.org.junit.platform.commons.util.ModuleUtils
12:54:28.660 [main] DEBUG net.thucydides.core.reflection.ClassFinder - Could not load class com.google.gson.internal.
12:54:28.822 [main] DEBUG net.thucydides.core.reflection.ClassFinder - Could not load class com.sun.xml.bind.v2.runtime.output.FastInfosetStreamWriterOutput
12:54:29.236 [main] DEBUG net.thucydides.core.reflection.ClassFinder - Could not load class module-info
12:54:31.906 [main] DEBUG io.netty.util.internal.logging.InternalLoggerFactory - Using SLF4J as the default logging framework
12:54:31.908 [main] DEBUG io.netty.util.ResourceLeakDetector - -Dio.netty.leakDetection.level: simple
12:54:31.909 [main] DEBUG io.netty.util.ResourceLeakDetector - -Dio.netty.leakDetection.targetRecords: 4
12:54:31.912 [main] DEBUG io.netty.util.ResourceLeakDetectorFactory - Loaded default ResourceLeakDetector: io.netty.util.ResourceLeakDetector@f53070c
12:54:31.927 [main] DEBUG io.netty.util.internal.PlatformDependent0 - -Dio.netty.noUnsafe: false
12:54:31.927 [main] DEBUG io.netty.util.internal.PlatformDependent0 - Java version: 13
12:54:31.928 [main] DEBUG io.netty.util.internal.PlatformDependent0 - sun.misc.Unsafe.theUnsafe: available
12:54:31.928 [main] DEBUG io.netty.util.internal.PlatformDependent0 - sun.misc.Unsafe.copyMemory: available
12:54:31.929 [main] DEBUG io.netty.util.internal.PlatformDependent0 - java.nio.Buffer.address: available
12:54:31.929 [main] DEBUG io.netty.util.internal.PlatformDependent0 - direct buffer constructor: unavailable: Reflective setAccessible(true) disabled
12:54:31.930 [main] DEBUG io.netty.util.internal.PlatformDependent0 - java.nio.Bits.unaligned: available, true
12:54:31.931 [main] DEBUG io.netty.util.internal.PlatformDependent0 - jdk.internal.misc.Unsafe.allocateUninitializedArray(int): unavailable: class io.netty.util.internal.PlatformDependent0$6 cannot access class jdk.internal.misc.Unsafe (in module java.base) because module java.base does not export jdk.internal.misc to unnamed module @3a0807b7
12:54:31.931 [main] DEBUG io.netty.util.internal.PlatformDependent0 - java.nio.DirectByteBuffer.<init>(long, int): unavailable
12:54:31.932 [main] DEBUG io.netty.util.internal.PlatformDependent - sun.misc.Unsafe: available
12:54:31.933 [main] DEBUG io.netty.util.internal.PlatformDependent - maxDirectMemory: 4288675840 bytes (maybe)
12:54:31.933 [main] DEBUG io.netty.util.internal.PlatformDependent - -Dio.netty.tmpdir: C:\Users\alwi\AppData\Local\Temp (java.io.tmpdir)
12:54:31.933 [main] DEBUG io.netty.util.internal.PlatformDependent - -Dio.netty.bitMode: 64 (sun.arch.data.model)
12:54:31.933 [main] DEBUG io.netty.util.internal.PlatformDependent - Platform: Windows
12:54:31.934 [main] DEBUG io.netty.util.internal.PlatformDependent - -Dio.netty.maxDirectMemory: -1 bytes
12:54:31.934 [main] DEBUG io.netty.util.internal.PlatformDependent - -Dio.netty.uninitializedArrayAllocationThreshold: -1
12:54:31.935 [main] DEBUG io.netty.util.internal.CleanerJava9 - java.nio.ByteBuffer.cleaner(): available
12:54:31.935 [main] DEBUG io.netty.util.internal.PlatformDependent - -Dio.netty.noPreferDirect: false
12:54:31.942 [main] DEBUG io.netty.util.internal.PlatformDependent - org.jctools-core.MpscChunkedArrayQueue: available
12:54:31.957 [main] DEBUG io.netty.util.internal.InternalThreadLocalMap - -Dio.netty.threadLocalMap.stringBuilder.initialSize: 1024
12:54:31.957 [main] DEBUG io.netty.util.internal.InternalThreadLocalMap - -Dio.netty.threadLocalMap.stringBuilder.maxSize: 4096
12:54:31.996 [main] DEBUG io.netty.handler.ssl.JdkSslContext - Default protocols (JDK): [TLSv1.3, TLSv1.2, TLSv1.1, TLSv1] 
12:54:31.996 [main] DEBUG io.netty.handler.ssl.JdkSslContext - Default cipher suites (JDK): [TLS_ECDHE_ECDSA_WITH_AES_256_GCM_SHA384, TLS_ECDHE_ECDSA_WITH_AES_128_GCM_SHA256, TLS_ECDHE_RSA_WITH_AES_128_GCM_SHA256, TLS_ECDHE_RSA_WITH_AES_256_GCM_SHA384, TLS_ECDHE_RSA_WITH_AES_128_CBC_SHA, TLS_ECDHE_RSA_WITH_AES_256_CBC_SHA, TLS_RSA_WITH_AES_128_GCM_SHA256, TLS_RSA_WITH_AES_128_CBC_SHA, TLS_RSA_WITH_AES_256_CBC_SHA, TLS_AES_128_GCM_SHA256, TLS_AES_256_GCM_SHA384]
12:54:32.019 [main] DEBUG io.netty.channel.MultithreadEventLoopGroup - -Dio.netty.eventLoopThreads: 16
12:54:32.026 [main] DEBUG io.netty.channel.nio.NioEventLoop - -Dio.netty.noKeySetOptimization: false
12:54:32.027 [main] DEBUG io.netty.channel.nio.NioEventLoop - -Dio.netty.selectorAutoRebuildThreshold: 512
12:54:32.375 [main] DEBUG io.netty.buffer.PooledByteBufAllocator - -Dio.netty.allocator.numHeapArenas: 16
12:54:32.375 [main] DEBUG io.netty.buffer.PooledByteBufAllocator - -Dio.netty.allocator.numDirectArenas: 16
12:54:32.375 [main] DEBUG io.netty.buffer.PooledByteBufAllocator - -Dio.netty.allocator.pageSize: 8192
12:54:32.375 [main] DEBUG io.netty.buffer.PooledByteBufAllocator - -Dio.netty.allocator.maxOrder: 11
12:54:32.375 [main] DEBUG io.netty.buffer.PooledByteBufAllocator - -Dio.netty.allocator.chunkSize: 16777216
12:54:32.375 [main] DEBUG io.netty.buffer.PooledByteBufAllocator - -Dio.netty.allocator.smallCacheSize: 256
12:54:32.375 [main] DEBUG io.netty.buffer.PooledByteBufAllocator - -Dio.netty.allocator.normalCacheSize: 64
12:54:32.375 [main] DEBUG io.netty.buffer.PooledByteBufAllocator - -Dio.netty.allocator.maxCachedBufferCapacity: 32768
12:54:32.376 [main] DEBUG io.netty.buffer.PooledByteBufAllocator - -Dio.netty.allocator.cacheTrimInterval: 8192
12:54:32.376 [main] DEBUG io.netty.buffer.PooledByteBufAllocator - -Dio.netty.allocator.cacheTrimIntervalMillis: 0
12:54:32.376 [main] DEBUG io.netty.buffer.PooledByteBufAllocator - -Dio.netty.allocator.useCacheForAllThreads: true
12:54:32.376 [main] DEBUG io.netty.buffer.PooledByteBufAllocator - -Dio.netty.allocator.maxCachedByteBuffersPerChunk: 1023
12:54:32.385 [main] DEBUG io.netty.buffer.ByteBufUtil - -Dio.netty.allocator.type: pooled
12:54:32.385 [main] DEBUG io.netty.buffer.ByteBufUtil - -Dio.netty.threadLocalDirectBufferSize: 0
12:54:32.385 [main] DEBUG io.netty.buffer.ByteBufUtil - -Dio.netty.maxThreadLocalCharBufferSize: 16384
12:54:32.462 [main] DEBUG net.serenitybdd.core.webdriver.driverproviders.ProvideNewDriver - Instantiating driver
12:54:32.463 [main] DEBUG net.serenitybdd.core.webdriver.driverproviders.ProvideNewDriver - Driver capabilities: Capabilities {base.url: https://www.uniqlo.com, chrome.driver: src/test/resources/webdrive..., driver: edge, ms:edgeChromium: true, ms:edgeOptions: {}, wait.for.timeout: 6000}
12:54:33.187 [Forwarding newSession on session null to remote] DEBUG io.netty.channel.DefaultChannelId - -Dio.netty.processId: 9820 (auto-detected)
12:54:33.189 [Forwarding newSession on session null to remote] DEBUG io.netty.util.NetUtil - -Djava.net.preferIPv4Stack: false
12:54:33.189 [Forwarding newSession on session null to remote] DEBUG io.netty.util.NetUtil - -Djava.net.preferIPv6Addresses: false
12:54:33.496 [Forwarding newSession on session null to remote] DEBUG io.netty.util.NetUtilInitializations - Loopback interface: lo (Software Loopback Interface 1, 127.0.0.1)
12:54:33.497 [Forwarding newSession on session null to remote] DEBUG io.netty.util.NetUtil - Failed to get SOMAXCONN from sysctl and file \proc\sys\net\core\somaxconn. Default: 200
12:54:33.815 [Forwarding newSession on session null to remote] DEBUG io.netty.channel.DefaultChannelId - -Dio.netty.machineId: 50:3e:aa:ff:fe:ef:df:ab (auto-detected)
12:54:33.863 [AsyncHttpClient-1-2] DEBUG io.netty.buffer.AbstractByteBuf - -Dio.netty.buffer.checkAccessible: true
12:54:33.864 [AsyncHttpClient-1-2] DEBUG io.netty.buffer.AbstractByteBuf - -Dio.netty.buffer.checkBounds: true
12:54:33.864 [AsyncHttpClient-1-2] DEBUG io.netty.util.ResourceLeakDetectorFactory - Loaded default ResourceLeakDetector: io.netty.util.ResourceLeakDetector@6b79dbac
12:54:33.878 [AsyncHttpClient-1-2] DEBUG org.asynchttpclient.netty.channel.NettyConnectListener - Using new Channel '[id: 0xb18d5df0, L:/127.0.0.1:54170 - R:localhost/127.0.0.1:54653]' for 'POST' to '/session'
12:54:33.895 [AsyncHttpClient-1-2] DEBUG io.netty.util.Recycler - -Dio.netty.recycler.maxCapacityPerThread: 4096
12:54:33.895 [AsyncHttpClient-1-2] DEBUG io.netty.util.Recycler - -Dio.netty.recycler.ratio: 8
12:54:33.895 [AsyncHttpClient-1-2] DEBUG io.netty.util.Recycler - -Dio.netty.recycler.chunkSize: 32
12:54:33.895 [AsyncHttpClient-1-2] DEBUG io.netty.util.Recycler - -Dio.netty.recycler.blocking: false
12:54:34.523 [AsyncHttpClient-1-2] DEBUG io.netty.handler.codec.compression.Brotli - brotli4j not in the classpath; Brotli support will be unavailable.
12:54:34.523 [AsyncHttpClient-1-2] DEBUG org.asynchttpclient.netty.handler.HttpHandler - 

Request DefaultHttpRequest(decodeResult: success, version: HTTP/1.1)
POST /session HTTP/1.1
User-Agent: selenium/4.1.2 (java windows)
Content-Length: 627
Content-Type: application/json; charset=utf-8
host: localhost:54653
accept: */*

Response DefaultHttpResponse(decodeResult: success, version: HTTP/1.1)
HTTP/1.1 200 OK
Content-Type: application/json; charset=utf-8
cache-control: no-cache
content-length: 822

12:54:34.532 [AsyncHttpClient-1-2] DEBUG org.asynchttpclient.netty.channel.ChannelManager - Adding key: http://localhost:54653 for channel [id: 0xb18d5df0, L:/127.0.0.1:54170 - R:localhost/127.0.0.1:54653]
12:54:34.599 [AsyncHttpClient-1-3] DEBUG org.asynchttpclient.netty.channel.NettyConnectListener - Using new Channel '[id: 0xbcefc44d, L:/127.0.0.1:54177 - R:localhost/127.0.0.1:54171]' for 'GET' to '/json/version'
12:54:34.603 [AsyncHttpClient-1-3] DEBUG org.asynchttpclient.netty.handler.HttpHandler - 

Request DefaultFullHttpRequest(decodeResult: success, version: HTTP/1.1, content: EmptyByteBufBE)
GET /json/version HTTP/1.1
User-Agent: selenium/4.1.2 (java windows)
host: localhost:54171
accept: */*

Response DefaultHttpResponse(decodeResult: success, version: HTTP/1.1)
HTTP/1.1 200 OK
Content-Security-Policy: frame-ancestors 'none'
Content-Type: application/json; charset=UTF-8
content-length: 436

12:54:34.603 [AsyncHttpClient-1-3] DEBUG org.asynchttpclient.netty.channel.ChannelManager - Adding key: http://localhost:54171 for channel [id: 0xbcefc44d, L:/127.0.0.1:54177 - R:localhost/127.0.0.1:54171]
12:54:34.610 [main] DEBUG io.netty.util.internal.ThreadLocalRandom - -Dio.netty.initialSeedUniquifier: 0x5879f27bcf426bec
12:54:34.614 [AsyncHttpClient-1-4] DEBUG org.asynchttpclient.netty.channel.NettyConnectListener - Using new Channel '[id: 0x6e49fe5a, L:/127.0.0.1:54178 - R:localhost/127.0.0.1:54171]' for 'GET' to '/devtools/browser/eed1b532-b664-4f8b-ab9c-1898d328f2a8'
12:54:34.619 [AsyncHttpClient-1-4] DEBUG org.asynchttpclient.netty.handler.WebSocketHandler - 

Request DefaultFullHttpRequest(decodeResult: success, version: HTTP/1.1, content: EmptyByteBufBE)
GET /devtools/browser/eed1b532-b664-4f8b-ab9c-1898d328f2a8 HTTP/1.1
upgrade: websocket
connection: upgrade
sec-websocket-key: IXqkdXm+1LxUAs5zkBcQUw==
sec-websocket-version: 13
origin: http://localhost:54171
host: localhost:54171
accept: */*
user-agent: AHC/2.1

Response DefaultHttpResponse(decodeResult: success, version: HTTP/1.1)
HTTP/1.1 101 WebSocket Protocol Handshake
Upgrade: WebSocket
Connection: Upgrade
Sec-WebSocket-Accept: cDSlP3ziG5k0hMLAPrQsPAaWnZM=

12:54:35.249 [AsyncHttpClient-1-1] DEBUG org.asynchttpclient.netty.channel.DefaultChannelPool - Entry count for : http://localhost:54171 : 1
12:54:35.249 [AsyncHttpClient-1-1] DEBUG org.asynchttpclient.netty.channel.DefaultChannelPool - Entry count for : http://localhost:54653 : 1
12:54:35.376 [main] DEBUG net.thucydides.core.reflection.ClassFinder - Could not load class .CucumberTestSuite
12:54:35.376 [main] DEBUG net.thucydides.core.reflection.ClassFinder - Could not load class .starter.pages.BabyPage
12:54:35.376 [main] DEBUG net.thucydides.core.reflection.ClassFinder - Could not load class .starter.stepdefinitions.BabyStep
12:54:35.377 [main] DEBUG net.thucydides.core.reflection.ClassFinder - Could not load class META-INF.versions.9.com.sun.istack.logging.StackHelper
12:54:35.377 [main] DEBUG net.thucydides.core.reflection.ClassFinder - Could not load class META-INF.versions.9.com.sun.xml.bind.v2.runtime.reflect.opt.AccessorInjector
12:54:35.378 [main] DEBUG net.thucydides.core.reflection.ClassFinder - Could not load class META-INF.versions.9.com.sun.xml.bind.v2.runtime.reflect.opt.Injector
12:54:35.378 [main] DEBUG net.thucydides.core.reflection.ClassFinder - Could not load class META-INF.versions.9.com.sun.xml.bind.v2.runtime.reflect.opt.OptimizedAccessorFactory
12:54:35.388 [main] DEBUG net.thucydides.core.reflection.ClassFinder - Could not load class META-INF.versions.9.com.sun.xml.bind.v2.runtime.reflect.opt.OptimizedTransducedAccessorFactory
12:54:35.388 [main] DEBUG net.thucydides.core.reflection.ClassFinder - Could not load class META-INF.versions.9.io.opentelemetry.sdk.internal.CurrentJavaVersionSpecific
12:54:35.389 [main] DEBUG net.thucydides.core.reflection.ClassFinder - Could not load class META-INF.versions.9.io.opentelemetry.sdk.internal.Java9VersionSpecific
12:54:35.389 [main] DEBUG net.thucydides.core.reflection.ClassFinder - Could not load class META-INF.versions.9.javax.xml.bind.ModuleUtil
12:54:35.389 [main] DEBUG net.thucydides.core.reflection.ClassFinder - Could not load class META-INF.versions.9.module-info
12:54:35.390 [main] DEBUG net.thucydides.core.reflection.ClassFinder - Could not load class META-INF.versions.9.org.junit.platform.commons.util.ModuleUtils
12:54:35.391 [main] DEBUG net.thucydides.core.reflection.ClassFinder - Could not load class com.google.gson.internal.
12:54:35.393 [main] DEBUG net.thucydides.core.reflection.ClassFinder - Could not load class com.sun.xml.bind.v2.runtime.output.FastInfosetStreamWriterOutput
12:54:35.395 [main] DEBUG net.thucydides.core.reflection.ClassFinder - Could not load class module-info
12:54:35.415 [Forwarding get on session d4750a2600c9d3c9f4ec99d8f7bea6dd to remote] DEBUG org.asynchttpclient.netty.request.NettyRequestSender - Using pooled Channel '[id: 0xb18d5df0, L:/127.0.0.1:54170 - R:localhost/127.0.0.1:54653]' for 'POST' to 'http://localhost:54653/session/d4750a2600c9d3c9f4ec99d8f7bea6dd/url'
12:54:35.415 [Forwarding get on session d4750a2600c9d3c9f4ec99d8f7bea6dd to remote] DEBUG org.asynchttpclient.netty.request.NettyRequestSender - Using open Channel [id: 0xb18d5df0, L:/127.0.0.1:54170 - R:localhost/127.0.0.1:54653] for POST '/session/d4750a2600c9d3c9f4ec99d8f7bea6dd/url'
12:54:36.346 [AsyncHttpClient-1-1] DEBUG org.asynchttpclient.netty.channel.DefaultChannelPool - Entry count for : http://localhost:54171 : 1
12:54:37.454 [AsyncHttpClient-1-1] DEBUG org.asynchttpclient.netty.channel.DefaultChannelPool - Entry count for : http://localhost:54171 : 1
12:54:38.550 [AsyncHttpClient-1-1] DEBUG org.asynchttpclient.netty.channel.DefaultChannelPool - Entry count for : http://localhost:54171 : 1
12:54:39.653 [AsyncHttpClient-1-1] DEBUG org.asynchttpclient.netty.channel.DefaultChannelPool - Entry count for : http://localhost:54171 : 1
12:54:40.365 [AsyncHttpClient-1-2] DEBUG org.asynchttpclient.netty.handler.HttpHandler - 

Request DefaultHttpRequest(decodeResult: success, version: HTTP/1.1)
POST /session/d4750a2600c9d3c9f4ec99d8f7bea6dd/url HTTP/1.1
User-Agent: selenium/4.1.2 (java windows)
Content-Length: 53
Content-Type: application/json; charset=utf-8
host: localhost:54653
accept: */*

Response DefaultHttpResponse(decodeResult: success, version: HTTP/1.1)
HTTP/1.1 200 OK
Content-Type: application/json; charset=utf-8
cache-control: no-cache
content-length: 14

12:54:40.366 [AsyncHttpClient-1-2] DEBUG org.asynchttpclient.netty.channel.ChannelManager - Adding key: http://localhost:54653 for channel [id: 0xb18d5df0, L:/127.0.0.1:54170 - R:localhost/127.0.0.1:54653]
12:54:40.373 [Forwarding setTimeout on session d4750a2600c9d3c9f4ec99d8f7bea6dd to remote] DEBUG org.asynchttpclient.netty.request.NettyRequestSender - Using pooled Channel '[id: 0xb18d5df0, L:/127.0.0.1:54170 - R:localhost/127.0.0.1:54653]' for 'POST' to 'http://localhost:54653/session/d4750a2600c9d3c9f4ec99d8f7bea6dd/timeouts'
12:54:40.374 [Forwarding setTimeout on session d4750a2600c9d3c9f4ec99d8f7bea6dd to remote] DEBUG org.asynchttpclient.netty.request.NettyRequestSender - Using open Channel [id: 0xb18d5df0, L:/127.0.0.1:54170 - R:localhost/127.0.0.1:54653] for POST '/session/d4750a2600c9d3c9f4ec99d8f7bea6dd/timeouts'
12:54:40.376 [AsyncHttpClient-1-2] DEBUG org.asynchttpclient.netty.handler.HttpHandler - 

Request DefaultHttpRequest(decodeResult: success, version: HTTP/1.1)
POST /session/d4750a2600c9d3c9f4ec99d8f7bea6dd/timeouts HTTP/1.1
User-Agent: selenium/4.1.2 (java windows)
Content-Length: 22
Content-Type: application/json; charset=utf-8
host: localhost:54653
accept: */*

Response DefaultHttpResponse(decodeResult: success, version: HTTP/1.1)
HTTP/1.1 200 OK
Content-Type: application/json; charset=utf-8
cache-control: no-cache
content-length: 14

12:54:40.377 [AsyncHttpClient-1-2] DEBUG org.asynchttpclient.netty.channel.ChannelManager - Adding key: http://localhost:54653 for channel [id: 0xb18d5df0, L:/127.0.0.1:54170 - R:localhost/127.0.0.1:54653]
12:54:40.384 [Forwarding getCurrentUrl on session d4750a2600c9d3c9f4ec99d8f7bea6dd to remote] DEBUG org.asynchttpclient.netty.request.NettyRequestSender - Using pooled Channel '[id: 0xb18d5df0, L:/127.0.0.1:54170 - R:localhost/127.0.0.1:54653]' for 'GET' to 'http://localhost:54653/session/d4750a2600c9d3c9f4ec99d8f7bea6dd/url'
12:54:40.384 [Forwarding getCurrentUrl on session d4750a2600c9d3c9f4ec99d8f7bea6dd to remote] DEBUG org.asynchttpclient.netty.request.NettyRequestSender - Using open Channel [id: 0xb18d5df0, L:/127.0.0.1:54170 - R:localhost/127.0.0.1:54653] for GET '/session/d4750a2600c9d3c9f4ec99d8f7bea6dd/url'
12:54:40.390 [AsyncHttpClient-1-2] DEBUG org.asynchttpclient.netty.handler.HttpHandler - 

Request DefaultFullHttpRequest(decodeResult: success, version: HTTP/1.1, content: EmptyByteBufBE)
GET /session/d4750a2600c9d3c9f4ec99d8f7bea6dd/url HTTP/1.1
User-Agent: selenium/4.1.2 (java windows)
Cache-Control: no-cache
Content-Type: application/json; charset=utf-8
host: localhost:54653
accept: */*

Response DefaultHttpResponse(decodeResult: success, version: HTTP/1.1)
HTTP/1.1 200 OK
Content-Type: application/json; charset=utf-8
cache-control: no-cache
content-length: 41

12:54:40.390 [AsyncHttpClient-1-2] DEBUG org.asynchttpclient.netty.channel.ChannelManager - Adding key: http://localhost:54653 for channel [id: 0xb18d5df0, L:/127.0.0.1:54170 - R:localhost/127.0.0.1:54653]
  &amp#27;[32mGiven &amp#27;[0m&amp#27;[32mI am on the home page&amp#27;[0m     &amp#27;[90m# starter.stepdefinitions.BabyStep.iAmOnTheHomePage()&amp#27;[0m
12:54:40.415 [main] DEBUG net.serenitybdd.core.photography.Darkroom - Opening darkroom
12:54:40.415 [Darkroom Processing Line] DEBUG net.serenitybdd.core.photography.DarkroomProcessingLine - Darkroom processing line starting up
12:54:40.416 [Forwarding screenshot on session d4750a2600c9d3c9f4ec99d8f7bea6dd to remote] DEBUG org.asynchttpclient.netty.request.NettyRequestSender - Using pooled Channel '[id: 0xb18d5df0, L:/127.0.0.1:54170 - R:localhost/127.0.0.1:54653]' for 'GET' to 'http://localhost:54653/session/d4750a2600c9d3c9f4ec99d8f7bea6dd/screenshot'
12:54:40.416 [Forwarding screenshot on session d4750a2600c9d3c9f4ec99d8f7bea6dd to remote] DEBUG org.asynchttpclient.netty.request.NettyRequestSender - Using open Channel [id: 0xb18d5df0, L:/127.0.0.1:54170 - R:localhost/127.0.0.1:54653] for GET '/session/d4750a2600c9d3c9f4ec99d8f7bea6dd/screenshot'
12:54:40.755 [AsyncHttpClient-1-2] DEBUG org.asynchttpclient.netty.handler.HttpHandler - 

Request DefaultFullHttpRequest(decodeResult: success, version: HTTP/1.1, content: EmptyByteBufBE)
GET /session/d4750a2600c9d3c9f4ec99d8f7bea6dd/screenshot HTTP/1.1
User-Agent: selenium/4.1.2 (java windows)
Cache-Control: no-cache
Content-Type: application/json; charset=utf-8
host: localhost:54653
accept: */*

Response DefaultHttpResponse(decodeResult: success, version: HTTP/1.1)
HTTP/1.1 200 OK
Content-Type: application/json; charset=utf-8
cache-control: no-cache
content-length: 1119968

12:54:40.756 [AsyncHttpClient-1-1] DEBUG org.asynchttpclient.netty.channel.DefaultChannelPool - Entry count for : http://localhost:54171 : 1
12:54:40.768 [AsyncHttpClient-1-2] DEBUG org.asynchttpclient.netty.channel.ChannelManager - Adding key: http://localhost:54653 for channel [id: 0xb18d5df0, L:/127.0.0.1:54170 - R:localhost/127.0.0.1:54653]
12:54:40.924 [main] DEBUG net.serenitybdd.core.photography.Darkroom - Send negative for processing for target\site\serenity\3d1b19ad31921c0beae4332facd941fcc81467ad5802877977ec6c100df601ce.png
12:54:40.925 [Darkroom Processing Line] DEBUG net.serenitybdd.core.photography.DarkroomProcessingLine - Processing screenshot image in /var/screenshots/screenshot-13495797368142781594
12:54:40.925 [Darkroom Processing Line] DEBUG net.serenitybdd.core.photography.DarkroomProcessingLine - Saving screenshot to target\site\serenity\3d1b19ad31921c0beae4332facd941fcc81467ad5802877977ec6c100df601ce.png
12:54:40.945 [Forwarding findElement on session d4750a2600c9d3c9f4ec99d8f7bea6dd to remote] DEBUG org.asynchttpclient.netty.request.NettyRequestSender - Using pooled Channel '[id: 0xb18d5df0, L:/127.0.0.1:54170 - R:localhost/127.0.0.1:54653]' for 'POST' to 'http://localhost:54653/session/d4750a2600c9d3c9f4ec99d8f7bea6dd/element'
12:54:40.946 [Forwarding findElement on session d4750a2600c9d3c9f4ec99d8f7bea6dd to remote] DEBUG org.asynchttpclient.netty.request.NettyRequestSender - Using open Channel [id: 0xb18d5df0, L:/127.0.0.1:54170 - R:localhost/127.0.0.1:54653] for POST '/session/d4750a2600c9d3c9f4ec99d8f7bea6dd/element'
12:54:40.957 [AsyncHttpClient-1-2] DEBUG org.asynchttpclient.netty.handler.HttpHandler - 

Request DefaultHttpRequest(decodeResult: success, version: HTTP/1.1)
POST /session/d4750a2600c9d3c9f4ec99d8f7bea6dd/element HTTP/1.1
User-Agent: selenium/4.1.2 (java windows)
Content-Length: 81
Content-Type: application/json; charset=utf-8
host: localhost:54653
accept: */*

Response DefaultHttpResponse(decodeResult: success, version: HTTP/1.1)
HTTP/1.1 200 OK
Content-Type: application/json; charset=utf-8
cache-control: no-cache
content-length: 88

12:54:40.957 [AsyncHttpClient-1-2] DEBUG org.asynchttpclient.netty.channel.ChannelManager - Adding key: http://localhost:54653 for channel [id: 0xb18d5df0, L:/127.0.0.1:54170 - R:localhost/127.0.0.1:54653]
12:54:40.960 [Forwarding getElementTagName on session d4750a2600c9d3c9f4ec99d8f7bea6dd to remote] DEBUG org.asynchttpclient.netty.request.NettyRequestSender - Using pooled Channel '[id: 0xb18d5df0, L:/127.0.0.1:54170 - R:localhost/127.0.0.1:54653]' for 'GET' to 'http://localhost:54653/session/d4750a2600c9d3c9f4ec99d8f7bea6dd/element/2888b8c1-ef0e-4624-8f9a-de5cf6ea78c1/name'
12:54:40.960 [Forwarding getElementTagName on session d4750a2600c9d3c9f4ec99d8f7bea6dd to remote] DEBUG org.asynchttpclient.netty.request.NettyRequestSender - Using open Channel [id: 0xb18d5df0, L:/127.0.0.1:54170 - R:localhost/127.0.0.1:54653] for GET '/session/d4750a2600c9d3c9f4ec99d8f7bea6dd/element/2888b8c1-ef0e-4624-8f9a-de5cf6ea78c1/name'
12:54:40.964 [AsyncHttpClient-1-2] DEBUG org.asynchttpclient.netty.handler.HttpHandler - 

Request DefaultFullHttpRequest(decodeResult: success, version: HTTP/1.1, content: EmptyByteBufBE)
GET /session/d4750a2600c9d3c9f4ec99d8f7bea6dd/element/2888b8c1-ef0e-4624-8f9a-de5cf6ea78c1/name HTTP/1.1
User-Agent: selenium/4.1.2 (java windows)
Cache-Control: no-cache
Content-Type: application/json; charset=utf-8
host: localhost:54653
accept: */*

Response DefaultHttpResponse(decodeResult: success, version: HTTP/1.1)
HTTP/1.1 200 OK
Content-Type: application/json; charset=utf-8
cache-control: no-cache
content-length: 16

12:54:40.964 [AsyncHttpClient-1-2] DEBUG org.asynchttpclient.netty.channel.ChannelManager - Adding key: http://localhost:54653 for channel [id: 0xb18d5df0, L:/127.0.0.1:54170 - R:localhost/127.0.0.1:54653]
12:54:40.966 [Forwarding getElementTagName on session d4750a2600c9d3c9f4ec99d8f7bea6dd to remote] DEBUG org.asynchttpclient.netty.request.NettyRequestSender - Using pooled Channel '[id: 0xb18d5df0, L:/127.0.0.1:54170 - R:localhost/127.0.0.1:54653]' for 'GET' to 'http://localhost:54653/session/d4750a2600c9d3c9f4ec99d8f7bea6dd/element/2888b8c1-ef0e-4624-8f9a-de5cf6ea78c1/name'
12:54:40.966 [Forwarding getElementTagName on session d4750a2600c9d3c9f4ec99d8f7bea6dd to remote] DEBUG org.asynchttpclient.netty.request.NettyRequestSender - Using open Channel [id: 0xb18d5df0, L:/127.0.0.1:54170 - R:localhost/127.0.0.1:54653] for GET '/session/d4750a2600c9d3c9f4ec99d8f7bea6dd/element/2888b8c1-ef0e-4624-8f9a-de5cf6ea78c1/name'
12:54:40.968 [AsyncHttpClient-1-2] DEBUG org.asynchttpclient.netty.handler.HttpHandler - 

Request DefaultFullHttpRequest(decodeResult: success, version: HTTP/1.1, content: EmptyByteBufBE)
GET /session/d4750a2600c9d3c9f4ec99d8f7bea6dd/element/2888b8c1-ef0e-4624-8f9a-de5cf6ea78c1/name HTTP/1.1
User-Agent: selenium/4.1.2 (java windows)
Cache-Control: no-cache
Content-Type: application/json; charset=utf-8
host: localhost:54653
accept: */*

Response DefaultHttpResponse(decodeResult: success, version: HTTP/1.1)
HTTP/1.1 200 OK
Content-Type: application/json; charset=utf-8
cache-control: no-cache
content-length: 16

12:54:40.969 [AsyncHttpClient-1-2] DEBUG org.asynchttpclient.netty.channel.ChannelManager - Adding key: http://localhost:54653 for channel [id: 0xb18d5df0, L:/127.0.0.1:54170 - R:localhost/127.0.0.1:54653]
12:54:40.971 [Forwarding findElement on session d4750a2600c9d3c9f4ec99d8f7bea6dd to remote] DEBUG org.asynchttpclient.netty.request.NettyRequestSender - Using pooled Channel '[id: 0xb18d5df0, L:/127.0.0.1:54170 - R:localhost/127.0.0.1:54653]' for 'POST' to 'http://localhost:54653/session/d4750a2600c9d3c9f4ec99d8f7bea6dd/element'
12:54:40.971 [Forwarding findElement on session d4750a2600c9d3c9f4ec99d8f7bea6dd to remote] DEBUG org.asynchttpclient.netty.request.NettyRequestSender - Using open Channel [id: 0xb18d5df0, L:/127.0.0.1:54170 - R:localhost/127.0.0.1:54653] for POST '/session/d4750a2600c9d3c9f4ec99d8f7bea6dd/element'
12:54:40.978 [AsyncHttpClient-1-2] DEBUG org.asynchttpclient.netty.handler.HttpHandler - 

Request DefaultHttpRequest(decodeResult: success, version: HTTP/1.1)
POST /session/d4750a2600c9d3c9f4ec99d8f7bea6dd/element HTTP/1.1
User-Agent: selenium/4.1.2 (java windows)
Content-Length: 81
Content-Type: application/json; charset=utf-8
host: localhost:54653
accept: */*

Response DefaultHttpResponse(decodeResult: success, version: HTTP/1.1)
HTTP/1.1 200 OK
Content-Type: application/json; charset=utf-8
cache-control: no-cache
content-length: 88

12:54:40.978 [AsyncHttpClient-1-2] DEBUG org.asynchttpclient.netty.channel.ChannelManager - Adding key: http://localhost:54653 for channel [id: 0xb18d5df0, L:/127.0.0.1:54170 - R:localhost/127.0.0.1:54653]
12:54:40.981 [Forwarding clickElement on session d4750a2600c9d3c9f4ec99d8f7bea6dd to remote] DEBUG org.asynchttpclient.netty.request.NettyRequestSender - Using pooled Channel '[id: 0xb18d5df0, L:/127.0.0.1:54170 - R:localhost/127.0.0.1:54653]' for 'POST' to 'http://localhost:54653/session/d4750a2600c9d3c9f4ec99d8f7bea6dd/element/2888b8c1-ef0e-4624-8f9a-de5cf6ea78c1/click'
12:54:40.981 [Forwarding clickElement on session d4750a2600c9d3c9f4ec99d8f7bea6dd to remote] DEBUG org.asynchttpclient.netty.request.NettyRequestSender - Using open Channel [id: 0xb18d5df0, L:/127.0.0.1:54170 - R:localhost/127.0.0.1:54653] for POST '/session/d4750a2600c9d3c9f4ec99d8f7bea6dd/element/2888b8c1-ef0e-4624-8f9a-de5cf6ea78c1/click'
12:54:41.391 [AsyncHttpClient-1-2] DEBUG org.asynchttpclient.netty.handler.HttpHandler - 

Request DefaultHttpRequest(decodeResult: success, version: HTTP/1.1)
POST /session/d4750a2600c9d3c9f4ec99d8f7bea6dd/element/2888b8c1-ef0e-4624-8f9a-de5cf6ea78c1/click HTTP/1.1
User-Agent: selenium/4.1.2 (java windows)
Content-Length: 50
Content-Type: application/json; charset=utf-8
host: localhost:54653
accept: */*

Response DefaultHttpResponse(decodeResult: success, version: HTTP/1.1)
HTTP/1.1 200 OK
Content-Type: application/json; charset=utf-8
cache-control: no-cache
content-length: 14

12:54:41.392 [AsyncHttpClient-1-2] DEBUG org.asynchttpclient.netty.channel.ChannelManager - Adding key: http://localhost:54653 for channel [id: 0xb18d5df0, L:/127.0.0.1:54170 - R:localhost/127.0.0.1:54653]
12:54:41.400 [Forwarding findElement on session d4750a2600c9d3c9f4ec99d8f7bea6dd to remote] DEBUG org.asynchttpclient.netty.request.NettyRequestSender - Using pooled Channel '[id: 0xb18d5df0, L:/127.0.0.1:54170 - R:localhost/127.0.0.1:54653]' for 'POST' to 'http://localhost:54653/session/d4750a2600c9d3c9f4ec99d8f7bea6dd/element'
12:54:41.400 [Forwarding findElement on session d4750a2600c9d3c9f4ec99d8f7bea6dd to remote] DEBUG org.asynchttpclient.netty.request.NettyRequestSender - Using open Channel [id: 0xb18d5df0, L:/127.0.0.1:54170 - R:localhost/127.0.0.1:54653] for POST '/session/d4750a2600c9d3c9f4ec99d8f7bea6dd/element'
12:54:41.805 [AsyncHttpClient-1-2] DEBUG org.asynchttpclient.netty.handler.HttpHandler - 

Request DefaultHttpRequest(decodeResult: success, version: HTTP/1.1)
POST /session/d4750a2600c9d3c9f4ec99d8f7bea6dd/element HTTP/1.1
User-Agent: selenium/4.1.2 (java windows)
Content-Length: 81
Content-Type: application/json; charset=utf-8
host: localhost:54653
accept: */*

Response DefaultHttpResponse(decodeResult: success, version: HTTP/1.1)
HTTP/1.1 200 OK
Content-Type: application/json; charset=utf-8
cache-control: no-cache
content-length: 88

12:54:41.806 [AsyncHttpClient-1-2] DEBUG org.asynchttpclient.netty.channel.ChannelManager - Adding key: http://localhost:54653 for channel [id: 0xb18d5df0, L:/127.0.0.1:54170 - R:localhost/127.0.0.1:54653]
12:54:41.810 [Forwarding clearElement on session d4750a2600c9d3c9f4ec99d8f7bea6dd to remote] DEBUG org.asynchttpclient.netty.request.NettyRequestSender - Using pooled Channel '[id: 0xb18d5df0, L:/127.0.0.1:54170 - R:localhost/127.0.0.1:54653]' for 'POST' to 'http://localhost:54653/session/d4750a2600c9d3c9f4ec99d8f7bea6dd/element/19e92ab4-c3f8-41f9-acf0-5b1402f03918/clear'
12:54:41.810 [Forwarding clearElement on session d4750a2600c9d3c9f4ec99d8f7bea6dd to remote] DEBUG org.asynchttpclient.netty.request.NettyRequestSender - Using open Channel [id: 0xb18d5df0, L:/127.0.0.1:54170 - R:localhost/127.0.0.1:54653] for POST '/session/d4750a2600c9d3c9f4ec99d8f7bea6dd/element/19e92ab4-c3f8-41f9-acf0-5b1402f03918/clear'
12:54:41.846 [AsyncHttpClient-1-1] DEBUG org.asynchttpclient.netty.channel.DefaultChannelPool - Entry count for : http://localhost:54171 : 1
12:54:41.950 [AsyncHttpClient-1-2] DEBUG org.asynchttpclient.netty.handler.HttpHandler - 

Request DefaultHttpRequest(decodeResult: success, version: HTTP/1.1)
POST /session/d4750a2600c9d3c9f4ec99d8f7bea6dd/element/19e92ab4-c3f8-41f9-acf0-5b1402f03918/clear HTTP/1.1
User-Agent: selenium/4.1.2 (java windows)
Content-Length: 50
Content-Type: application/json; charset=utf-8
host: localhost:54653
accept: */*

Response DefaultHttpResponse(decodeResult: success, version: HTTP/1.1)
HTTP/1.1 400 Bad Request
Content-Type: application/json; charset=utf-8
cache-control: no-cache
content-length: 1648

12:54:41.950 [AsyncHttpClient-1-2] DEBUG org.asynchttpclient.netty.channel.ChannelManager - Adding key: http://localhost:54653 for channel [id: 0xb18d5df0, L:/127.0.0.1:54170 - R:localhost/127.0.0.1:54653]
12:54:41.971 [Forwarding screenshot on session d4750a2600c9d3c9f4ec99d8f7bea6dd to remote] DEBUG org.asynchttpclient.netty.request.NettyRequestSender - Using pooled Channel '[id: 0xb18d5df0, L:/127.0.0.1:54170 - R:localhost/127.0.0.1:54653]' for 'GET' to 'http://localhost:54653/session/d4750a2600c9d3c9f4ec99d8f7bea6dd/screenshot'
12:54:41.971 [Forwarding screenshot on session d4750a2600c9d3c9f4ec99d8f7bea6dd to remote] DEBUG org.asynchttpclient.netty.request.NettyRequestSender - Using open Channel [id: 0xb18d5df0, L:/127.0.0.1:54170 - R:localhost/127.0.0.1:54653] for GET '/session/d4750a2600c9d3c9f4ec99d8f7bea6dd/screenshot'
12:54:42.136 [AsyncHttpClient-1-2] DEBUG org.asynchttpclient.netty.handler.HttpHandler - 

Request DefaultFullHttpRequest(decodeResult: success, version: HTTP/1.1, content: EmptyByteBufBE)
GET /session/d4750a2600c9d3c9f4ec99d8f7bea6dd/screenshot HTTP/1.1
User-Agent: selenium/4.1.2 (java windows)
Cache-Control: no-cache
Content-Type: application/json; charset=utf-8
host: localhost:54653
accept: */*

Response DefaultHttpResponse(decodeResult: success, version: HTTP/1.1)
HTTP/1.1 200 OK
Content-Type: application/json; charset=utf-8
cache-control: no-cache
content-length: 137764

12:54:42.138 [AsyncHttpClient-1-2] DEBUG org.asynchttpclient.netty.channel.ChannelManager - Adding key: http://localhost:54653 for channel [id: 0xb18d5df0, L:/127.0.0.1:54170 - R:localhost/127.0.0.1:54653]
12:54:42.148 [main] DEBUG net.serenitybdd.core.photography.Darkroom - Send negative for processing for target\site\serenity\f2da34ea19d04f80498901b682977b748d984c96bb23296c51c612f865c5ad23.png
12:54:42.154 [Darkroom Processing Line] DEBUG net.serenitybdd.core.photography.DarkroomProcessingLine - Processing screenshot image in /var/screenshots/screenshot-6269211932341527333
12:54:42.154 [Darkroom Processing Line] DEBUG net.serenitybdd.core.photography.DarkroomProcessingLine - Saving screenshot to target\site\serenity\f2da34ea19d04f80498901b682977b748d984c96bb23296c51c612f865c5ad23.png
12:54:42.170 [Forwarding getPageSource on session d4750a2600c9d3c9f4ec99d8f7bea6dd to remote] DEBUG org.asynchttpclient.netty.request.NettyRequestSender - Using pooled Channel '[id: 0xb18d5df0, L:/127.0.0.1:54170 - R:localhost/127.0.0.1:54653]' for 'POST' to 'http://localhost:54653/session/d4750a2600c9d3c9f4ec99d8f7bea6dd/execute/sync'
12:54:42.170 [Forwarding getPageSource on session d4750a2600c9d3c9f4ec99d8f7bea6dd to remote] DEBUG org.asynchttpclient.netty.request.NettyRequestSender - Using open Channel [id: 0xb18d5df0, L:/127.0.0.1:54170 - R:localhost/127.0.0.1:54653] for POST '/session/d4750a2600c9d3c9f4ec99d8f7bea6dd/execute/sync'
12:54:42.246 [AsyncHttpClient-1-2] DEBUG org.asynchttpclient.netty.handler.HttpHandler - 

Request DefaultHttpRequest(decodeResult: success, version: HTTP/1.1)
POST /session/d4750a2600c9d3c9f4ec99d8f7bea6dd/execute/sync HTTP/1.1
User-Agent: selenium/4.1.2 (java windows)
Content-Length: 176
Content-Type: application/json; charset=utf-8
host: localhost:54653
accept: */*

Response DefaultHttpResponse(decodeResult: success, version: HTTP/1.1)
HTTP/1.1 200 OK
Content-Type: application/json; charset=utf-8
cache-control: no-cache
content-length: 945696

12:54:42.252 [AsyncHttpClient-1-2] DEBUG org.asynchttpclient.netty.channel.ChannelManager - Adding key: http://localhost:54653 for channel [id: 0xb18d5df0, L:/127.0.0.1:54170 - R:localhost/127.0.0.1:54653]
12:54:42.625 [Forwarding getCurrentUrl on session d4750a2600c9d3c9f4ec99d8f7bea6dd to remote] DEBUG org.asynchttpclient.netty.request.NettyRequestSender - Using pooled Channel '[id: 0xb18d5df0, L:/127.0.0.1:54170 - R:localhost/127.0.0.1:54653]' for 'GET' to 'http://localhost:54653/session/d4750a2600c9d3c9f4ec99d8f7bea6dd/url'
12:54:42.625 [Forwarding getCurrentUrl on session d4750a2600c9d3c9f4ec99d8f7bea6dd to remote] DEBUG org.asynchttpclient.netty.request.NettyRequestSender - Using open Channel [id: 0xb18d5df0, L:/127.0.0.1:54170 - R:localhost/127.0.0.1:54653] for GET '/session/d4750a2600c9d3c9f4ec99d8f7bea6dd/url'
12:54:42.631 [AsyncHttpClient-1-2] DEBUG org.asynchttpclient.netty.handler.HttpHandler - 

Request DefaultFullHttpRequest(decodeResult: success, version: HTTP/1.1, content: EmptyByteBufBE)
GET /session/d4750a2600c9d3c9f4ec99d8f7bea6dd/url HTTP/1.1
User-Agent: selenium/4.1.2 (java windows)
Cache-Control: no-cache
Content-Type: application/json; charset=utf-8
host: localhost:54653
accept: */*

Response DefaultHttpResponse(decodeResult: success, version: HTTP/1.1)
HTTP/1.1 200 OK
Content-Type: application/json; charset=utf-8
cache-control: no-cache
content-length: 45

12:54:42.631 [AsyncHttpClient-1-2] DEBUG org.asynchttpclient.netty.channel.ChannelManager - Adding key: http://localhost:54653 for channel [id: 0xb18d5df0, L:/127.0.0.1:54170 - R:localhost/127.0.0.1:54653]
  &amp#27;[31mThen &amp#27;[0m&amp#27;[31mI click baby on the header&amp#27;[0m &amp#27;[90m# starter.stepdefinitions.BabyStep.iClickBabyOnTheHeader()&amp#27;[0m
      &amp#27;[31morg.openqa.selenium.InvalidElementStateException: invalid element state
  (Session info: MicrosoftEdge=111.0.1661.62)
Build info: version: '4.1.2', revision: '9a5a329c5a'
System info: host: 'DESKTOP-3MAQDS2', ip: '192.168.56.1', os.name: 'Windows 10', os.arch: 'amd64', os.version: '10.0', java.version: '13.0.2'
Driver info: org.openqa.selenium.edge.EdgeDriver
Command: [d4750a2600c9d3c9f4ec99d8f7bea6dd, clearElement {id=19e92ab4-c3f8-41f9-acf0-5b1402f03918}]
Capabilities {acceptInsecureCerts: false, browserName: msedge, browserVersion: 111.0.1661.62, javascriptEnabled: true, ms:edgeOptions: {debuggerAddress: localhost:54171}, msedge: {msedgedriverVersion: 111.0.1661.62 (0a8f453929e6..., userDataDir: C:\Users\alwi\AppData\Local...}, networkConnectionEnabled: false, pageLoadStrategy: normal, platform: WINDOWS, platformName: WINDOWS, proxy: Proxy(), se:cdp: ws://localhost:54171/devtoo..., se:cdpVersion: 111.0.1661.62, setWindowRect: true, strictFileInteractability: false, timeouts: {implicit: 0, pageLoad: 300000, script: 30000}, unhandledPromptBehavior: dismiss and notify, webauthn:extension:credBlob: true, webauthn:extension:largeBlob: true, webauthn:extension:minPinLength: true, webauthn:extension:prf: true, webauthn:virtualAuthenticators: true}
Element: [[EdgeDriver: msedge on WINDOWS (d4750a2600c9d3c9f4ec99d8f7bea6dd)] -> xpath: //span[text()[contains(.,'BAYI')]]]
Session ID: d4750a2600c9d3c9f4ec99d8f7bea6dd
	at java.base/jdk.internal.reflect.NativeConstructorAccessorImpl.newInstance0(Native Method)
	at java.base/jdk.internal.reflect.NativeConstructorAccessorImpl.newInstance(NativeConstructorAccessorImpl.java:62)
	at java.base/jdk.internal.reflect.DelegatingConstructorAccessorImpl.newInstance(DelegatingConstructorAccessorImpl.java:45)
	at java.base/java.lang.reflect.Constructor.newInstanceWithCaller(Constructor.java:500)
	at java.base/java.lang.reflect.Constructor.newInstance(Constructor.java:481)
	at org.openqa.selenium.remote.codec.w3c.W3CHttpResponseCodec.createException(W3CHttpResponseCodec.java:200)
	at org.openqa.selenium.remote.codec.w3c.W3CHttpResponseCodec.decode(W3CHttpResponseCodec.java:133)
	at org.openqa.selenium.remote.codec.w3c.W3CHttpResponseCodec.decode(W3CHttpResponseCodec.java:53)
	at org.openqa.selenium.remote.HttpCommandExecutor.execute(HttpCommandExecutor.java:184)
	at org.openqa.selenium.remote.service.DriverCommandExecutor.invokeExecute(DriverCommandExecutor.java:167)
	at org.openqa.selenium.remote.service.DriverCommandExecutor.execute(DriverCommandExecutor.java:142)
	at org.openqa.selenium.remote.RemoteWebDriver.execute(RemoteWebDriver.java:558)
	at org.openqa.selenium.remote.RemoteWebElement.execute(RemoteWebElement.java:251)
	at org.openqa.selenium.remote.RemoteWebElement.clear(RemoteWebElement.java:126)
	at net.serenitybdd.core.pages.WebElementFacadeImpl.clear(WebElementFacadeImpl.java:1234)
	at uniqloweb@1.0-SNAPSHOT/starter.pages.BabyPage.ClickHeaderMenuBaby(BabyPage.java:21)
	at uniqloweb@1.0-SNAPSHOT/starter.pages.BabyPage$ByteBuddy$lVBNim76.ClickHeaderMenuBaby$accessor$KBEE3DyU(Unknown Source)
	at java.base/jdk.internal.reflect.NativeMethodAccessorImpl.invoke0(Native Method)
	at java.base/jdk.internal.reflect.NativeMethodAccessorImpl.invoke(NativeMethodAccessorImpl.java:62)
	at java.base/jdk.internal.reflect.DelegatingMethodAccessorImpl.invoke(DelegatingMethodAccessorImpl.java:43)
	at java.base/java.lang.reflect.Method.invoke(Method.java:567)
	at net.thucydides.core.steps.BaseMethodRunner.invokeMethod(BaseMethodRunner.java:18)
	at net.thucydides.core.steps.NormalMethodRunner.invokeMethodAndNotifyFailures(NormalMethodRunner.java:18)
	at net.thucydides.core.steps.StepInterceptor.runNormalMethod(StepInterceptor.java:406)
	at net.thucydides.core.steps.StepInterceptor.testStepResult(StepInterceptor.java:191)
	at net.thucydides.core.steps.StepInterceptor.intercept(StepInterceptor.java:84)
	at net.thucydides.core.steps.ProxyConfiguration$InterceptorDispatcher.intercept(ProxyConfiguration.java:51)
	at uniqloweb@1.0-SNAPSHOT/starter.pages.BabyPage$ByteBuddy$lVBNim76.ClickHeaderMenuBaby(Unknown Source)
	at uniqloweb@1.0-SNAPSHOT/starter.stepdefinitions.BabyStep.iClickBabyOnTheHeader(BabyStep.java:23)
	at âœ½.I click baby on the header(file:///C:/Users/alwi/IdeaProjects/uniqloweb/src/test/resources/features/Baby.feature:8)
&amp#27;[0m
  &amp#27;[36mWhen &amp#27;[0m&amp#27;[36mI will go to baby page&amp#27;[0m     &amp#27;[90m# starter.stepdefinitions.BabyStep.iWillGoToBabyPage()&amp#27;[0m
12:54:42.682 [main] ERROR  - 
  _____   ___   ___   _____     ___   ___   ___    ___    ___ 
 |_   _| | __| / __| |_   _|   | __| | _ \ | _ \  / _ \  | _ \
   | |   | _|  \__ \   | |     | _|  |   / |   / | (_) | |   /
   |_|   |___| |___/   |_|     |___| |_|_\ |_|_\  \___/  |_|_\

Go to baby page
---------------------------------------------------------------
12:54:42.684 [main] DEBUG  - RELATED ISSUES: 
12:54:42.686 [main] ERROR  -     Test failed at step: Click header menu baby
12:54:42.686 [main] ERROR  -     invalid element state
12:54:42.801 [Driver Command Executor] DEBUG org.asynchttpclient.netty.request.NettyRequestSender - Using pooled Channel '[id: 0xb18d5df0, L:/127.0.0.1:54170 - R:localhost/127.0.0.1:54653]' for 'DELETE' to 'http://localhost:54653/session/d4750a2600c9d3c9f4ec99d8f7bea6dd'
12:54:42.801 [Driver Command Executor] DEBUG org.asynchttpclient.netty.request.NettyRequestSender - Using open Channel [id: 0xb18d5df0, L:/127.0.0.1:54170 - R:localhost/127.0.0.1:54653] for DELETE '/session/d4750a2600c9d3c9f4ec99d8f7bea6dd'
12:54:42.802 [AsyncHttpClient-1-4] DEBUG org.asynchttpclient.netty.handler.WebSocketHandler - Channel Closed: [id: 0x6e49fe5a, L:/127.0.0.1:54178 ! R:localhost/127.0.0.1:54171] with attribute NettyResponseFuture{currentRetry=5,
	isDone=1,
	isCancelled=0,
	asyncHandler=org.asynchttpclient.ws.WebSocketUpgradeHandler@2101a644,
	nettyRequest=org.asynchttpclient.netty.request.NettyRequest@65198792,
	future=java.util.concurrent.CompletableFuture@1b872be[Completed normally],
	uri=ws://localhost:54171/devtools/browser/eed1b532-b664-4f8b-ab9c-1898d328f2a8,
	keepAlive=true,
	redirectCount=0,
	timeoutsHolder=null,
	inAuth=0,
	touch=1680501274634}
12:54:42.803 [AsyncHttpClient-1-4] DEBUG org.asynchttpclient.netty.channel.ChannelManager - Closing Channel [id: 0x6e49fe5a, L:/127.0.0.1:54178 ! R:localhost/127.0.0.1:54171] 
12:54:42.837 [AsyncHttpClient-1-3] DEBUG org.asynchttpclient.netty.handler.HttpHandler - Unexpected I/O exception on channel [id: 0xbcefc44d, L:/127.0.0.1:54177 - R:localhost/127.0.0.1:54171]
java.net.SocketException: Connection reset
	at java.base/sun.nio.ch.SocketChannelImpl.throwConnectionReset(SocketChannelImpl.java:345)
	at java.base/sun.nio.ch.SocketChannelImpl.read(SocketChannelImpl.java:376)
	at io.netty.buffer.PooledByteBuf.setBytes(PooledByteBuf.java:258)
	at io.netty.buffer.AbstractByteBuf.writeBytes(AbstractByteBuf.java:1132)
	at io.netty.channel.socket.nio.NioSocketChannel.doReadBytes(NioSocketChannel.java:350)
	at io.netty.channel.nio.AbstractNioByteChannel$NioByteUnsafe.read(AbstractNioByteChannel.java:151)
	at io.netty.channel.nio.NioEventLoop.processSelectedKey(NioEventLoop.java:722)
	at io.netty.channel.nio.NioEventLoop.processSelectedKeysOptimized(NioEventLoop.java:658)
	at io.netty.channel.nio.NioEventLoop.processSelectedKeys(NioEventLoop.java:584)
	at io.netty.channel.nio.NioEventLoop.run(NioEventLoop.java:496)
	at io.netty.util.concurrent.SingleThreadEventExecutor$4.run(SingleThreadEventExecutor.java:986)
	at io.netty.util.internal.ThreadExecutorMap$2.run(ThreadExecutorMap.java:74)
	at io.netty.util.concurrent.FastThreadLocalRunnable.run(FastThreadLocalRunnable.java:30)
	at java.base/java.lang.Thread.run(Thread.java:830)
12:54:42.838 [AsyncHttpClient-1-3] DEBUG org.asynchttpclient.netty.channel.ChannelManager - Closing Channel [id: 0xbcefc44d, L:/127.0.0.1:54177 - R:localhost/127.0.0.1:54171] 
12:54:42.840 [AsyncHttpClient-1-3] DEBUG org.asynchttpclient.netty.handler.HttpHandler - Channel Closed: [id: 0xbcefc44d, L:/127.0.0.1:54177 ! R:localhost/127.0.0.1:54171] with attribute DISCARD
12:54:42.868 [AsyncHttpClient-1-2] DEBUG org.asynchttpclient.netty.handler.HttpHandler - 

Request DefaultFullHttpRequest(decodeResult: success, version: HTTP/1.1, content: EmptyByteBufBE)
DELETE /session/d4750a2600c9d3c9f4ec99d8f7bea6dd HTTP/1.1
User-Agent: selenium/4.1.2 (java windows)
Content-Type: application/json; charset=utf-8
host: localhost:54653
accept: */*

Response DefaultHttpResponse(decodeResult: success, version: HTTP/1.1)
HTTP/1.1 200 OK
Content-Type: application/json; charset=utf-8
cache-control: no-cache
content-length: 14

12:54:42.868 [AsyncHttpClient-1-2] DEBUG org.asynchttpclient.netty.channel.ChannelManager - Adding key: http://localhost:54653 for channel [id: 0xb18d5df0, L:/127.0.0.1:54170 - R:localhost/127.0.0.1:54653]
12:54:42.946 [AsyncHttpClient-1-1] DEBUG org.asynchttpclient.netty.channel.DefaultChannelPool - Entry count for : http://localhost:54171 : 1
12:54:42.946 [AsyncHttpClient-1-1] DEBUG org.asynchttpclient.netty.channel.DefaultChannelPool - Entry count for : http://localhost:54653 : 1
12:54:42.946 [AsyncHttpClient-1-1] DEBUG org.asynchttpclient.netty.channel.DefaultChannelPool - Adding Candidate expired Channel [id: 0xbcefc44d, L:/127.0.0.1:54177 ! R:localhost/127.0.0.1:54171] isIdleTimeoutExpired=false isRemotelyClosed=true isTtlExpired=false
12:54:42.946 [AsyncHttpClient-1-1] DEBUG org.asynchttpclient.netty.channel.DefaultChannelPool - Closing Idle Channel [id: 0xbcefc44d, L:/127.0.0.1:54177 ! R:localhost/127.0.0.1:54171]
12:54:42.946 [AsyncHttpClient-1-1] DEBUG org.asynchttpclient.netty.channel.DefaultChannelPool - Closed 1 connections out of 2 in 0 ms
12:54:43.006 [AsyncHttpClient-1-2] DEBUG org.asynchttpclient.netty.handler.HttpHandler - Channel Closed: [id: 0xb18d5df0, L:/127.0.0.1:54170 ! R:localhost/127.0.0.1:54653] with attribute DISCARD
]]></system-out>
    <system-err><![CDATA[Starting Microsoft Edge WebDriver 111.0.1661.62 (0a8f453929e6410c973aa529a40485ce4e3e03db) on port 54653
To submit feedback, report a bug, or suggest new features, please visit https://github.com/MicrosoftEdge/EdgeWebDriver

Only local connections are allowed.
Please see https://aka.ms/WebDriverSecurity for suggestions on keeping Microsoft Edge WebDriver safe.

Microsoft Edge WebDriver was started successfully.
Apr 03, 2023 12:54:34 PM org.openqa.selenium.remote.ProtocolHandshake createSession
INFO: Detected dialect: W3C
Apr 03, 2023 12:54:34 PM org.openqa.selenium.devtools.CdpVersionFinder findNearestMatch
WARNING: Unable to find an exact match for CDP version 111, so returning the closest version found: a no-op implementation
Apr 03, 2023 12:54:34 PM org.openqa.selenium.devtools.CdpVersionFinder findNearestMatch
INFO: Unable to find CDP implementation matching 111.
Apr 03, 2023 12:54:34 PM org.openqa.selenium.chromium.ChromiumDriver lambda$new$3
WARNING: Unable to find version of CDP to use for . You may need to include a dependency on a specific version of the CDP using something similar to `org.seleniumhq.selenium:selenium-devtools-v86:4.1.2` where the version ("v86") matches the version of the chromium-based browser you're using and the version number of the artifact is the same as Selenium's.
]]></system-err>
  </testcase>
</testsuite>