<?xml version="1.0" encoding="UTF-8"?>
<testsuite xmlns:xsi="http://www.w3.org/2001/XMLSchema-instance" xsi:noNamespaceSchemaLocation="https://maven.apache.org/surefire/maven-failsafe-plugin/xsd/failsafe-test-report-3.0.xsd" version="3.0" name="CucumberTestSuite" time="168.321" tests="14" errors="0" skipped="0" failures="0">
  <properties>
[...]
</properties>
  <testcase name="Fitur Menu Baby #1" classname="Baby" time="19.518">
    <system-out><![CDATA[15:36:17.034 [main] INFO io.cucumber.core.plugin.SerenityReporter - Running feature from file:///C:/Users/alwi/IdeaProjects/uniqloweb/src/test/resources/features/Baby.feature
15:36:17.238 [main] INFO  - 

-------------------------------------------------------------------------------------
     _______. _______ .______       _______ .__   __.  __  .___________.____    ____ 
    /       ||   ____||   _  \     |   ____||  \ |  | |  | |           |\   \  /   / 
   |   (----`|  |__   |  |_)  |    |  |__   |   \|  | |  | `---|  |----` \   \/   /  
    \   \    |   __|  |      /     |   __|  |  . `  | |  |     |  |       \_    _/   
.----)   |   |  |____ |  |\  \----.|  |____ |  |\   | |  |     |  |         |  |     
|_______/    |_______|| _| `._____||_______||__| \__| |__|     |__|         |__|    
                                                                                     
 News and tutorials at http://www.serenity-bdd.info                                  
 Documentation at https://wakaleo.gitbooks.io/the-serenity-book/content/             
 Join the Serenity Community on Gitter: https://gitter.im/serenity-bdd/serenity-core 
 Serenity BDD Support and Training at http://serenity-bdd.info/#/trainingandsupport  
-------------------------------------------------------------------------------------

15:36:17.241 [main] DEBUG net.thucydides.core.steps.StepEventBus - Test suite started for story net.thucydides.core.model.Story@749543e8
15:36:17.246 [main] INFO  - Test Suite Started: Baby
15:36:17.259 [main] INFO io.cucumber.core.plugin.SerenityReporter - Running feature from file:///C:/Users/alwi/IdeaProjects/uniqloweb/src/test/resources/features/Baby.feature
15:36:17.263 [main] DEBUG net.thucydides.core.steps.StepEventBus - Test suite started for story net.thucydides.core.model.Story@749543e8
15:36:17.263 [main] INFO  - Test Suite Started: Baby

Scenario Outline: Fitur Menu Baby &amp#27;[90m# src/test/resources/features/Baby.feature:93&amp#27;[0m
15:36:17.355 [main] INFO io.cucumber.core.plugin.SerenityReporter - Running feature from file:///C:/Users/alwi/IdeaProjects/uniqloweb/src/test/resources/features/Baby.feature
15:36:17.457 [main] INFO  - 
  _____   ___   ___   _____     ___   _____     _     ___   _____   ___   ___  
 |_   _| | __| / __| |_   _|   / __| |_   _|   /_\   | _ \ |_   _| | __| |   \ 
   | |   | _|  \__ \   | |     \__ \   | |    / _ \  |   /   | |   | _|  | |) |
   |_|   |___| |___/   |_|     |___/   |_|   /_/ \_\ |_|_\   |_|   |___| |___/ 

Fitur Menu Baby(baby;fitur-menu-baby)
--------------------------------------------------------------------------------
15:36:19.118 [main] DEBUG io.github.bonigarcia.wdm.cache.ResolutionCache - Resolution edge=111 in cache (valid until 16:17:30 05/04/2023 WIB)
15:36:19.125 [main] DEBUG io.github.bonigarcia.wdm.cache.ResolutionCache - Resolution edge111=111.0.1661.62 in cache (valid until 15:17:30 06/04/2023 WIB)
15:36:19.128 [main] INFO io.github.bonigarcia.wdm.WebDriverManager - Using msedgedriver 111.0.1661.62 (resolved driver for Edge 111)
15:36:19.150 [main] DEBUG io.github.bonigarcia.wdm.WebDriverManager - Driver msedgedriver 111.0.1661.62 found in cache
15:36:19.151 [main] INFO io.github.bonigarcia.wdm.WebDriverManager - Exporting webdriver.edge.driver as C:\Users\alwi\.cache\selenium\msedgedriver\win64\111.0.1661.62\msedgedriver.exe
15:36:19.816 [main] DEBUG net.thucydides.core.reflection.ClassFinder - Could not load class .CucumberTestSuite
15:36:19.816 [main] DEBUG net.thucydides.core.reflection.ClassFinder - Could not load class .starter.pages.BabyPage
15:36:19.816 [main] DEBUG net.thucydides.core.reflection.ClassFinder - Could not load class .starter.stepdefinitions.BabyStep
15:36:19.817 [main] DEBUG net.thucydides.core.reflection.ClassFinder - Could not load class META-INF.versions.9.com.sun.istack.logging.StackHelper
15:36:19.817 [main] DEBUG net.thucydides.core.reflection.ClassFinder - Could not load class META-INF.versions.9.com.sun.xml.bind.v2.runtime.reflect.opt.AccessorInjector
15:36:19.818 [main] DEBUG net.thucydides.core.reflection.ClassFinder - Could not load class META-INF.versions.9.com.sun.xml.bind.v2.runtime.reflect.opt.Injector
15:36:19.818 [main] DEBUG net.thucydides.core.reflection.ClassFinder - Could not load class META-INF.versions.9.com.sun.xml.bind.v2.runtime.reflect.opt.OptimizedAccessorFactory
15:36:19.818 [main] DEBUG net.thucydides.core.reflection.ClassFinder - Could not load class META-INF.versions.9.com.sun.xml.bind.v2.runtime.reflect.opt.OptimizedTransducedAccessorFactory
15:36:19.819 [main] DEBUG net.thucydides.core.reflection.ClassFinder - Could not load class META-INF.versions.9.io.opentelemetry.sdk.internal.CurrentJavaVersionSpecific
15:36:19.819 [main] DEBUG net.thucydides.core.reflection.ClassFinder - Could not load class META-INF.versions.9.io.opentelemetry.sdk.internal.Java9VersionSpecific
15:36:19.819 [main] DEBUG net.thucydides.core.reflection.ClassFinder - Could not load class META-INF.versions.9.javax.xml.bind.ModuleUtil
15:36:19.820 [main] DEBUG net.thucydides.core.reflection.ClassFinder - Could not load class META-INF.versions.9.module-info
15:36:19.820 [main] DEBUG net.thucydides.core.reflection.ClassFinder - Could not load class META-INF.versions.9.org.junit.platform.commons.util.ModuleUtils
15:36:20.176 [main] DEBUG net.thucydides.core.reflection.ClassFinder - Could not load class com.google.gson.internal.
15:36:20.396 [main] DEBUG net.thucydides.core.reflection.ClassFinder - Could not load class com.sun.xml.bind.v2.runtime.output.FastInfosetStreamWriterOutput
15:36:20.888 [main] DEBUG net.thucydides.core.reflection.ClassFinder - Could not load class module-info
15:36:23.860 [main] DEBUG io.netty.util.internal.logging.InternalLoggerFactory - Using SLF4J as the default logging framework
15:36:23.863 [main] DEBUG io.netty.util.ResourceLeakDetector - -Dio.netty.leakDetection.level: simple
15:36:23.863 [main] DEBUG io.netty.util.ResourceLeakDetector - -Dio.netty.leakDetection.targetRecords: 4
15:36:23.867 [main] DEBUG io.netty.util.ResourceLeakDetectorFactory - Loaded default ResourceLeakDetector: io.netty.util.ResourceLeakDetector@689f60ea
15:36:23.886 [main] DEBUG io.netty.util.internal.PlatformDependent0 - -Dio.netty.noUnsafe: false
15:36:23.886 [main] DEBUG io.netty.util.internal.PlatformDependent0 - Java version: 13
15:36:23.887 [main] DEBUG io.netty.util.internal.PlatformDependent0 - sun.misc.Unsafe.theUnsafe: available
15:36:23.888 [main] DEBUG io.netty.util.internal.PlatformDependent0 - sun.misc.Unsafe.copyMemory: available
15:36:23.888 [main] DEBUG io.netty.util.internal.PlatformDependent0 - java.nio.Buffer.address: available
15:36:23.889 [main] DEBUG io.netty.util.internal.PlatformDependent0 - direct buffer constructor: unavailable: Reflective setAccessible(true) disabled
15:36:23.891 [main] DEBUG io.netty.util.internal.PlatformDependent0 - java.nio.Bits.unaligned: available, true
15:36:23.892 [main] DEBUG io.netty.util.internal.PlatformDependent0 - jdk.internal.misc.Unsafe.allocateUninitializedArray(int): unavailable: class io.netty.util.internal.PlatformDependent0$6 cannot access class jdk.internal.misc.Unsafe (in module java.base) because module java.base does not export jdk.internal.misc to unnamed module @70e29e14
15:36:23.894 [main] DEBUG io.netty.util.internal.PlatformDependent0 - java.nio.DirectByteBuffer.<init>(long, int): unavailable
15:36:23.894 [main] DEBUG io.netty.util.internal.PlatformDependent - sun.misc.Unsafe: available
15:36:23.895 [main] DEBUG io.netty.util.internal.PlatformDependent - maxDirectMemory: 4288675840 bytes (maybe)
15:36:23.896 [main] DEBUG io.netty.util.internal.PlatformDependent - -Dio.netty.tmpdir: C:\Users\alwi\AppData\Local\Temp (java.io.tmpdir)
15:36:23.896 [main] DEBUG io.netty.util.internal.PlatformDependent - -Dio.netty.bitMode: 64 (sun.arch.data.model)
15:36:23.896 [main] DEBUG io.netty.util.internal.PlatformDependent - Platform: Windows
15:36:23.897 [main] DEBUG io.netty.util.internal.PlatformDependent - -Dio.netty.maxDirectMemory: -1 bytes
15:36:23.897 [main] DEBUG io.netty.util.internal.PlatformDependent - -Dio.netty.uninitializedArrayAllocationThreshold: -1
15:36:23.898 [main] DEBUG io.netty.util.internal.CleanerJava9 - java.nio.ByteBuffer.cleaner(): available
15:36:23.898 [main] DEBUG io.netty.util.internal.PlatformDependent - -Dio.netty.noPreferDirect: false
15:36:23.909 [main] DEBUG io.netty.util.internal.PlatformDependent - org.jctools-core.MpscChunkedArrayQueue: available
15:36:23.931 [main] DEBUG io.netty.util.internal.InternalThreadLocalMap - -Dio.netty.threadLocalMap.stringBuilder.initialSize: 1024
15:36:23.931 [main] DEBUG io.netty.util.internal.InternalThreadLocalMap - -Dio.netty.threadLocalMap.stringBuilder.maxSize: 4096
15:36:23.977 [main] DEBUG io.netty.handler.ssl.JdkSslContext - Default protocols (JDK): [TLSv1.3, TLSv1.2, TLSv1.1, TLSv1] 
15:36:23.977 [main] DEBUG io.netty.handler.ssl.JdkSslContext - Default cipher suites (JDK): [TLS_ECDHE_ECDSA_WITH_AES_256_GCM_SHA384, TLS_ECDHE_ECDSA_WITH_AES_128_GCM_SHA256, TLS_ECDHE_RSA_WITH_AES_128_GCM_SHA256, TLS_ECDHE_RSA_WITH_AES_256_GCM_SHA384, TLS_ECDHE_RSA_WITH_AES_128_CBC_SHA, TLS_ECDHE_RSA_WITH_AES_256_CBC_SHA, TLS_RSA_WITH_AES_128_GCM_SHA256, TLS_RSA_WITH_AES_128_CBC_SHA, TLS_RSA_WITH_AES_256_CBC_SHA, TLS_AES_128_GCM_SHA256, TLS_AES_256_GCM_SHA384]
15:36:24.005 [main] DEBUG io.netty.channel.MultithreadEventLoopGroup - -Dio.netty.eventLoopThreads: 16
15:36:24.015 [main] DEBUG io.netty.channel.nio.NioEventLoop - -Dio.netty.noKeySetOptimization: false
15:36:24.015 [main] DEBUG io.netty.channel.nio.NioEventLoop - -Dio.netty.selectorAutoRebuildThreshold: 512
15:36:24.423 [main] DEBUG io.netty.buffer.PooledByteBufAllocator - -Dio.netty.allocator.numHeapArenas: 16
15:36:24.423 [main] DEBUG io.netty.buffer.PooledByteBufAllocator - -Dio.netty.allocator.numDirectArenas: 16
15:36:24.423 [main] DEBUG io.netty.buffer.PooledByteBufAllocator - -Dio.netty.allocator.pageSize: 8192
15:36:24.423 [main] DEBUG io.netty.buffer.PooledByteBufAllocator - -Dio.netty.allocator.maxOrder: 11
15:36:24.423 [main] DEBUG io.netty.buffer.PooledByteBufAllocator - -Dio.netty.allocator.chunkSize: 16777216
15:36:24.423 [main] DEBUG io.netty.buffer.PooledByteBufAllocator - -Dio.netty.allocator.smallCacheSize: 256
15:36:24.423 [main] DEBUG io.netty.buffer.PooledByteBufAllocator - -Dio.netty.allocator.normalCacheSize: 64
15:36:24.423 [main] DEBUG io.netty.buffer.PooledByteBufAllocator - -Dio.netty.allocator.maxCachedBufferCapacity: 32768
15:36:24.423 [main] DEBUG io.netty.buffer.PooledByteBufAllocator - -Dio.netty.allocator.cacheTrimInterval: 8192
15:36:24.424 [main] DEBUG io.netty.buffer.PooledByteBufAllocator - -Dio.netty.allocator.cacheTrimIntervalMillis: 0
15:36:24.424 [main] DEBUG io.netty.buffer.PooledByteBufAllocator - -Dio.netty.allocator.useCacheForAllThreads: true
15:36:24.424 [main] DEBUG io.netty.buffer.PooledByteBufAllocator - -Dio.netty.allocator.maxCachedByteBuffersPerChunk: 1023
15:36:24.435 [main] DEBUG io.netty.buffer.ByteBufUtil - -Dio.netty.allocator.type: pooled
15:36:24.436 [main] DEBUG io.netty.buffer.ByteBufUtil - -Dio.netty.threadLocalDirectBufferSize: 0
15:36:24.436 [main] DEBUG io.netty.buffer.ByteBufUtil - -Dio.netty.maxThreadLocalCharBufferSize: 16384
15:36:24.534 [main] DEBUG net.serenitybdd.core.webdriver.driverproviders.ProvideNewDriver - Instantiating driver
15:36:24.534 [main] DEBUG net.serenitybdd.core.webdriver.driverproviders.ProvideNewDriver - Driver capabilities: Capabilities {base.url: https://www.uniqlo.com, chrome.driver: src/test/resources/webdrive..., driver: edge, ms:edgeChromium: true, ms:edgeOptions: {}, wait.for.timeout: 6000}
15:36:25.226 [Forwarding newSession on session null to remote] DEBUG io.netty.channel.DefaultChannelId - -Dio.netty.processId: 1908 (auto-detected)
15:36:25.228 [Forwarding newSession on session null to remote] DEBUG io.netty.util.NetUtil - -Djava.net.preferIPv4Stack: false
15:36:25.228 [Forwarding newSession on session null to remote] DEBUG io.netty.util.NetUtil - -Djava.net.preferIPv6Addresses: false
15:36:25.555 [Forwarding newSession on session null to remote] DEBUG io.netty.util.NetUtilInitializations - Loopback interface: lo (Software Loopback Interface 1, 127.0.0.1)
15:36:25.556 [Forwarding newSession on session null to remote] DEBUG io.netty.util.NetUtil - Failed to get SOMAXCONN from sysctl and file \proc\sys\net\core\somaxconn. Default: 200
15:36:25.894 [Forwarding newSession on session null to remote] DEBUG io.netty.channel.DefaultChannelId - -Dio.netty.machineId: 50:3e:aa:ff:fe:ef:df:ab (auto-detected)
15:36:25.960 [AsyncHttpClient-1-2] DEBUG io.netty.buffer.AbstractByteBuf - -Dio.netty.buffer.checkAccessible: true
15:36:25.960 [AsyncHttpClient-1-2] DEBUG io.netty.buffer.AbstractByteBuf - -Dio.netty.buffer.checkBounds: true
15:36:25.960 [AsyncHttpClient-1-2] DEBUG io.netty.util.ResourceLeakDetectorFactory - Loaded default ResourceLeakDetector: io.netty.util.ResourceLeakDetector@542806d7
15:36:25.977 [AsyncHttpClient-1-2] DEBUG org.asynchttpclient.netty.channel.NettyConnectListener - Using new Channel '[id: 0x0299e496, L:/127.0.0.1:57603 - R:localhost/127.0.0.1:61800]' for 'POST' to '/session'
15:36:25.999 [AsyncHttpClient-1-2] DEBUG io.netty.util.Recycler - -Dio.netty.recycler.maxCapacityPerThread: 4096
15:36:25.999 [AsyncHttpClient-1-2] DEBUG io.netty.util.Recycler - -Dio.netty.recycler.ratio: 8
15:36:25.999 [AsyncHttpClient-1-2] DEBUG io.netty.util.Recycler - -Dio.netty.recycler.chunkSize: 32
15:36:25.999 [AsyncHttpClient-1-2] DEBUG io.netty.util.Recycler - -Dio.netty.recycler.blocking: false
15:36:26.625 [AsyncHttpClient-1-2] DEBUG io.netty.handler.codec.compression.Brotli - brotli4j not in the classpath; Brotli support will be unavailable.
15:36:26.625 [AsyncHttpClient-1-2] DEBUG org.asynchttpclient.netty.handler.HttpHandler - 

Request DefaultHttpRequest(decodeResult: success, version: HTTP/1.1)
POST /session HTTP/1.1
User-Agent: selenium/4.1.2 (java windows)
Content-Length: 627
Content-Type: application/json; charset=utf-8
host: localhost:61800
accept: */*

Response DefaultHttpResponse(decodeResult: success, version: HTTP/1.1)
HTTP/1.1 200 OK
Content-Type: application/json; charset=utf-8
cache-control: no-cache
content-length: 824

15:36:26.639 [AsyncHttpClient-1-2] DEBUG org.asynchttpclient.netty.channel.ChannelManager - Adding key: http://localhost:61800 for channel [id: 0x0299e496, L:/127.0.0.1:57603 - R:localhost/127.0.0.1:61800]
15:36:26.717 [AsyncHttpClient-1-3] DEBUG org.asynchttpclient.netty.channel.NettyConnectListener - Using new Channel '[id: 0xbd46e331, L:/127.0.0.1:57615 - R:localhost/127.0.0.1:57606]' for 'GET' to '/json/version'
15:36:26.723 [AsyncHttpClient-1-3] DEBUG org.asynchttpclient.netty.handler.HttpHandler - 

Request DefaultFullHttpRequest(decodeResult: success, version: HTTP/1.1, content: EmptyByteBufBE)
GET /json/version HTTP/1.1
User-Agent: selenium/4.1.2 (java windows)
host: localhost:57606
accept: */*

Response DefaultHttpResponse(decodeResult: success, version: HTTP/1.1)
HTTP/1.1 200 OK
Content-Security-Policy: frame-ancestors 'none'
Content-Type: application/json; charset=UTF-8
content-length: 436

15:36:26.723 [AsyncHttpClient-1-3] DEBUG org.asynchttpclient.netty.channel.ChannelManager - Adding key: http://localhost:57606 for channel [id: 0xbd46e331, L:/127.0.0.1:57615 - R:localhost/127.0.0.1:57606]
15:36:26.736 [main] DEBUG io.netty.util.internal.ThreadLocalRandom - -Dio.netty.initialSeedUniquifier: 0x6fab9e5ae6fd887d
15:36:26.742 [AsyncHttpClient-1-4] DEBUG org.asynchttpclient.netty.channel.NettyConnectListener - Using new Channel '[id: 0x30bcf04c, L:/127.0.0.1:57616 - R:localhost/127.0.0.1:57606]' for 'GET' to '/devtools/browser/d6a00240-b19b-40e4-a922-e197996eadbf'
15:36:26.749 [AsyncHttpClient-1-4] DEBUG org.asynchttpclient.netty.handler.WebSocketHandler - 

Request DefaultFullHttpRequest(decodeResult: success, version: HTTP/1.1, content: EmptyByteBufBE)
GET /devtools/browser/d6a00240-b19b-40e4-a922-e197996eadbf HTTP/1.1
upgrade: websocket
connection: upgrade
sec-websocket-key: SfkH2sroAWa7mfWCnCq93w==
sec-websocket-version: 13
origin: http://localhost:57606
host: localhost:57606
accept: */*
user-agent: AHC/2.1

Response DefaultHttpResponse(decodeResult: success, version: HTTP/1.1)
HTTP/1.1 101 WebSocket Protocol Handshake
Upgrade: WebSocket
Connection: Upgrade
Sec-WebSocket-Accept: 4M1eTyY6KZDdnf20gd+wF4W0c6U=

15:36:27.216 [AsyncHttpClient-1-1] DEBUG org.asynchttpclient.netty.channel.DefaultChannelPool - Entry count for : http://localhost:57606 : 1
15:36:27.216 [AsyncHttpClient-1-1] DEBUG org.asynchttpclient.netty.channel.DefaultChannelPool - Entry count for : http://localhost:61800 : 1
15:36:27.602 [main] DEBUG net.thucydides.core.reflection.ClassFinder - Could not load class .CucumberTestSuite
15:36:27.602 [main] DEBUG net.thucydides.core.reflection.ClassFinder - Could not load class .starter.pages.BabyPage
15:36:27.602 [main] DEBUG net.thucydides.core.reflection.ClassFinder - Could not load class .starter.stepdefinitions.BabyStep
15:36:27.603 [main] DEBUG net.thucydides.core.reflection.ClassFinder - Could not load class META-INF.versions.9.com.sun.istack.logging.StackHelper
15:36:27.603 [main] DEBUG net.thucydides.core.reflection.ClassFinder - Could not load class META-INF.versions.9.com.sun.xml.bind.v2.runtime.reflect.opt.AccessorInjector
15:36:27.604 [main] DEBUG net.thucydides.core.reflection.ClassFinder - Could not load class META-INF.versions.9.com.sun.xml.bind.v2.runtime.reflect.opt.Injector
15:36:27.604 [main] DEBUG net.thucydides.core.reflection.ClassFinder - Could not load class META-INF.versions.9.com.sun.xml.bind.v2.runtime.reflect.opt.OptimizedAccessorFactory
15:36:27.604 [main] DEBUG net.thucydides.core.reflection.ClassFinder - Could not load class META-INF.versions.9.com.sun.xml.bind.v2.runtime.reflect.opt.OptimizedTransducedAccessorFactory
15:36:27.604 [main] DEBUG net.thucydides.core.reflection.ClassFinder - Could not load class META-INF.versions.9.io.opentelemetry.sdk.internal.CurrentJavaVersionSpecific
15:36:27.605 [main] DEBUG net.thucydides.core.reflection.ClassFinder - Could not load class META-INF.versions.9.io.opentelemetry.sdk.internal.Java9VersionSpecific
15:36:27.605 [main] DEBUG net.thucydides.core.reflection.ClassFinder - Could not load class META-INF.versions.9.javax.xml.bind.ModuleUtil
15:36:27.605 [main] DEBUG net.thucydides.core.reflection.ClassFinder - Could not load class META-INF.versions.9.module-info
15:36:27.606 [main] DEBUG net.thucydides.core.reflection.ClassFinder - Could not load class META-INF.versions.9.org.junit.platform.commons.util.ModuleUtils
15:36:27.607 [main] DEBUG net.thucydides.core.reflection.ClassFinder - Could not load class com.google.gson.internal.
15:36:27.608 [main] DEBUG net.thucydides.core.reflection.ClassFinder - Could not load class com.sun.xml.bind.v2.runtime.output.FastInfosetStreamWriterOutput
15:36:27.611 [main] DEBUG net.thucydides.core.reflection.ClassFinder - Could not load class module-info
15:36:27.631 [Forwarding get on session 0726e2f863175e7e0cf329d96533a320 to remote] DEBUG org.asynchttpclient.netty.request.NettyRequestSender - Using pooled Channel '[id: 0x0299e496, L:/127.0.0.1:57603 - R:localhost/127.0.0.1:61800]' for 'POST' to 'http://localhost:61800/session/0726e2f863175e7e0cf329d96533a320/url'
15:36:27.631 [Forwarding get on session 0726e2f863175e7e0cf329d96533a320 to remote] DEBUG org.asynchttpclient.netty.request.NettyRequestSender - Using open Channel [id: 0x0299e496, L:/127.0.0.1:57603 - R:localhost/127.0.0.1:61800] for POST '/session/0726e2f863175e7e0cf329d96533a320/url'
15:36:28.316 [AsyncHttpClient-1-1] DEBUG org.asynchttpclient.netty.channel.DefaultChannelPool - Entry count for : http://localhost:57606 : 1
15:36:29.423 [AsyncHttpClient-1-1] DEBUG org.asynchttpclient.netty.channel.DefaultChannelPool - Entry count for : http://localhost:57606 : 1
15:36:30.515 [AsyncHttpClient-1-1] DEBUG org.asynchttpclient.netty.channel.DefaultChannelPool - Entry count for : http://localhost:57606 : 1
15:36:31.617 [AsyncHttpClient-1-1] DEBUG org.asynchttpclient.netty.channel.DefaultChannelPool - Entry count for : http://localhost:57606 : 1
15:36:32.720 [AsyncHttpClient-1-1] DEBUG org.asynchttpclient.netty.channel.DefaultChannelPool - Entry count for : http://localhost:57606 : 1
15:36:33.496 [AsyncHttpClient-1-2] DEBUG org.asynchttpclient.netty.handler.HttpHandler - 

Request DefaultHttpRequest(decodeResult: success, version: HTTP/1.1)
POST /session/0726e2f863175e7e0cf329d96533a320/url HTTP/1.1
User-Agent: selenium/4.1.2 (java windows)
Content-Length: 53
Content-Type: application/json; charset=utf-8
host: localhost:61800
accept: */*

Response DefaultHttpResponse(decodeResult: success, version: HTTP/1.1)
HTTP/1.1 200 OK
Content-Type: application/json; charset=utf-8
cache-control: no-cache
content-length: 14

15:36:33.496 [AsyncHttpClient-1-2] DEBUG org.asynchttpclient.netty.channel.ChannelManager - Adding key: http://localhost:61800 for channel [id: 0x0299e496, L:/127.0.0.1:57603 - R:localhost/127.0.0.1:61800]
15:36:33.504 [Forwarding setTimeout on session 0726e2f863175e7e0cf329d96533a320 to remote] DEBUG org.asynchttpclient.netty.request.NettyRequestSender - Using pooled Channel '[id: 0x0299e496, L:/127.0.0.1:57603 - R:localhost/127.0.0.1:61800]' for 'POST' to 'http://localhost:61800/session/0726e2f863175e7e0cf329d96533a320/timeouts'
15:36:33.504 [Forwarding setTimeout on session 0726e2f863175e7e0cf329d96533a320 to remote] DEBUG org.asynchttpclient.netty.request.NettyRequestSender - Using open Channel [id: 0x0299e496, L:/127.0.0.1:57603 - R:localhost/127.0.0.1:61800] for POST '/session/0726e2f863175e7e0cf329d96533a320/timeouts'
15:36:33.506 [AsyncHttpClient-1-2] DEBUG org.asynchttpclient.netty.handler.HttpHandler - 

Request DefaultHttpRequest(decodeResult: success, version: HTTP/1.1)
POST /session/0726e2f863175e7e0cf329d96533a320/timeouts HTTP/1.1
User-Agent: selenium/4.1.2 (java windows)
Content-Length: 22
Content-Type: application/json; charset=utf-8
host: localhost:61800
accept: */*

Response DefaultHttpResponse(decodeResult: success, version: HTTP/1.1)
HTTP/1.1 200 OK
Content-Type: application/json; charset=utf-8
cache-control: no-cache
content-length: 14

15:36:33.506 [AsyncHttpClient-1-2] DEBUG org.asynchttpclient.netty.channel.ChannelManager - Adding key: http://localhost:61800 for channel [id: 0x0299e496, L:/127.0.0.1:57603 - R:localhost/127.0.0.1:61800]
15:36:33.516 [Forwarding getCurrentUrl on session 0726e2f863175e7e0cf329d96533a320 to remote] DEBUG org.asynchttpclient.netty.request.NettyRequestSender - Using pooled Channel '[id: 0x0299e496, L:/127.0.0.1:57603 - R:localhost/127.0.0.1:61800]' for 'GET' to 'http://localhost:61800/session/0726e2f863175e7e0cf329d96533a320/url'
15:36:33.516 [Forwarding getCurrentUrl on session 0726e2f863175e7e0cf329d96533a320 to remote] DEBUG org.asynchttpclient.netty.request.NettyRequestSender - Using open Channel [id: 0x0299e496, L:/127.0.0.1:57603 - R:localhost/127.0.0.1:61800] for GET '/session/0726e2f863175e7e0cf329d96533a320/url'
15:36:33.521 [AsyncHttpClient-1-2] DEBUG org.asynchttpclient.netty.handler.HttpHandler - 

Request DefaultFullHttpRequest(decodeResult: success, version: HTTP/1.1, content: EmptyByteBufBE)
GET /session/0726e2f863175e7e0cf329d96533a320/url HTTP/1.1
User-Agent: selenium/4.1.2 (java windows)
Cache-Control: no-cache
Content-Type: application/json; charset=utf-8
host: localhost:61800
accept: */*

Response DefaultHttpResponse(decodeResult: success, version: HTTP/1.1)
HTTP/1.1 200 OK
Content-Type: application/json; charset=utf-8
cache-control: no-cache
content-length: 41

15:36:33.521 [AsyncHttpClient-1-2] DEBUG org.asynchttpclient.netty.channel.ChannelManager - Adding key: http://localhost:61800 for channel [id: 0x0299e496, L:/127.0.0.1:57603 - R:localhost/127.0.0.1:61800]
  &amp#27;[32mGiven &amp#27;[0m&amp#27;[32mI am on the home page&amp#27;[0m     &amp#27;[90m# starter.stepdefinitions.BabyStep.iAmOnTheHomePage()&amp#27;[0m
15:36:33.558 [main] DEBUG net.serenitybdd.core.photography.Darkroom - Opening darkroom
15:36:33.559 [Darkroom Processing Line] DEBUG net.serenitybdd.core.photography.DarkroomProcessingLine - Darkroom processing line starting up
15:36:33.560 [Forwarding screenshot on session 0726e2f863175e7e0cf329d96533a320 to remote] DEBUG org.asynchttpclient.netty.request.NettyRequestSender - Using pooled Channel '[id: 0x0299e496, L:/127.0.0.1:57603 - R:localhost/127.0.0.1:61800]' for 'GET' to 'http://localhost:61800/session/0726e2f863175e7e0cf329d96533a320/screenshot'
15:36:33.560 [Forwarding screenshot on session 0726e2f863175e7e0cf329d96533a320 to remote] DEBUG org.asynchttpclient.netty.request.NettyRequestSender - Using open Channel [id: 0x0299e496, L:/127.0.0.1:57603 - R:localhost/127.0.0.1:61800] for GET '/session/0726e2f863175e7e0cf329d96533a320/screenshot'
15:36:33.817 [AsyncHttpClient-1-1] DEBUG org.asynchttpclient.netty.channel.DefaultChannelPool - Entry count for : http://localhost:57606 : 1
15:36:33.965 [AsyncHttpClient-1-2] DEBUG org.asynchttpclient.netty.handler.HttpHandler - 

Request DefaultFullHttpRequest(decodeResult: success, version: HTTP/1.1, content: EmptyByteBufBE)
GET /session/0726e2f863175e7e0cf329d96533a320/screenshot HTTP/1.1
User-Agent: selenium/4.1.2 (java windows)
Cache-Control: no-cache
Content-Type: application/json; charset=utf-8
host: localhost:61800
accept: */*

Response DefaultHttpResponse(decodeResult: success, version: HTTP/1.1)
HTTP/1.1 200 OK
Content-Type: application/json; charset=utf-8
cache-control: no-cache
content-length: 1119968

15:36:33.975 [AsyncHttpClient-1-2] DEBUG org.asynchttpclient.netty.channel.ChannelManager - Adding key: http://localhost:61800 for channel [id: 0x0299e496, L:/127.0.0.1:57603 - R:localhost/127.0.0.1:61800]
15:36:34.133 [main] DEBUG net.serenitybdd.core.photography.Darkroom - Send negative for processing for target\site\serenity\3d1b19ad31921c0beae4332facd941fcc81467ad5802877977ec6c100df601ce.png
15:36:34.133 [Darkroom Processing Line] DEBUG net.serenitybdd.core.photography.DarkroomProcessingLine - Processing screenshot image in /var/screenshots/screenshot-3445769969252109662
15:36:34.133 [Darkroom Processing Line] DEBUG net.serenitybdd.core.photography.DarkroomProcessingLine - Saving screenshot to target\site\serenity\3d1b19ad31921c0beae4332facd941fcc81467ad5802877977ec6c100df601ce.png
15:36:34.161 [Forwarding findElement on session 0726e2f863175e7e0cf329d96533a320 to remote] DEBUG org.asynchttpclient.netty.request.NettyRequestSender - Using pooled Channel '[id: 0x0299e496, L:/127.0.0.1:57603 - R:localhost/127.0.0.1:61800]' for 'POST' to 'http://localhost:61800/session/0726e2f863175e7e0cf329d96533a320/element'
15:36:34.161 [Forwarding findElement on session 0726e2f863175e7e0cf329d96533a320 to remote] DEBUG org.asynchttpclient.netty.request.NettyRequestSender - Using open Channel [id: 0x0299e496, L:/127.0.0.1:57603 - R:localhost/127.0.0.1:61800] for POST '/session/0726e2f863175e7e0cf329d96533a320/element'
15:36:34.179 [AsyncHttpClient-1-2] DEBUG org.asynchttpclient.netty.handler.HttpHandler - 

Request DefaultHttpRequest(decodeResult: success, version: HTTP/1.1)
POST /session/0726e2f863175e7e0cf329d96533a320/element HTTP/1.1
User-Agent: selenium/4.1.2 (java windows)
Content-Length: 81
Content-Type: application/json; charset=utf-8
host: localhost:61800
accept: */*

Response DefaultHttpResponse(decodeResult: success, version: HTTP/1.1)
HTTP/1.1 200 OK
Content-Type: application/json; charset=utf-8
cache-control: no-cache
content-length: 88

15:36:34.179 [AsyncHttpClient-1-2] DEBUG org.asynchttpclient.netty.channel.ChannelManager - Adding key: http://localhost:61800 for channel [id: 0x0299e496, L:/127.0.0.1:57603 - R:localhost/127.0.0.1:61800]
15:36:34.182 [Forwarding getElementTagName on session 0726e2f863175e7e0cf329d96533a320 to remote] DEBUG org.asynchttpclient.netty.request.NettyRequestSender - Using pooled Channel '[id: 0x0299e496, L:/127.0.0.1:57603 - R:localhost/127.0.0.1:61800]' for 'GET' to 'http://localhost:61800/session/0726e2f863175e7e0cf329d96533a320/element/02a7e529-4542-46e8-9b0c-d90a502135b0/name'
15:36:34.182 [Forwarding getElementTagName on session 0726e2f863175e7e0cf329d96533a320 to remote] DEBUG org.asynchttpclient.netty.request.NettyRequestSender - Using open Channel [id: 0x0299e496, L:/127.0.0.1:57603 - R:localhost/127.0.0.1:61800] for GET '/session/0726e2f863175e7e0cf329d96533a320/element/02a7e529-4542-46e8-9b0c-d90a502135b0/name'
15:36:34.187 [AsyncHttpClient-1-2] DEBUG org.asynchttpclient.netty.handler.HttpHandler - 

Request DefaultFullHttpRequest(decodeResult: success, version: HTTP/1.1, content: EmptyByteBufBE)
GET /session/0726e2f863175e7e0cf329d96533a320/element/02a7e529-4542-46e8-9b0c-d90a502135b0/name HTTP/1.1
User-Agent: selenium/4.1.2 (java windows)
Cache-Control: no-cache
Content-Type: application/json; charset=utf-8
host: localhost:61800
accept: */*

Response DefaultHttpResponse(decodeResult: success, version: HTTP/1.1)
HTTP/1.1 200 OK
Content-Type: application/json; charset=utf-8
cache-control: no-cache
content-length: 16

15:36:34.188 [AsyncHttpClient-1-2] DEBUG org.asynchttpclient.netty.channel.ChannelManager - Adding key: http://localhost:61800 for channel [id: 0x0299e496, L:/127.0.0.1:57603 - R:localhost/127.0.0.1:61800]
15:36:34.191 [Forwarding getElementTagName on session 0726e2f863175e7e0cf329d96533a320 to remote] DEBUG org.asynchttpclient.netty.request.NettyRequestSender - Using pooled Channel '[id: 0x0299e496, L:/127.0.0.1:57603 - R:localhost/127.0.0.1:61800]' for 'GET' to 'http://localhost:61800/session/0726e2f863175e7e0cf329d96533a320/element/02a7e529-4542-46e8-9b0c-d90a502135b0/name'
15:36:34.191 [Forwarding getElementTagName on session 0726e2f863175e7e0cf329d96533a320 to remote] DEBUG org.asynchttpclient.netty.request.NettyRequestSender - Using open Channel [id: 0x0299e496, L:/127.0.0.1:57603 - R:localhost/127.0.0.1:61800] for GET '/session/0726e2f863175e7e0cf329d96533a320/element/02a7e529-4542-46e8-9b0c-d90a502135b0/name'
15:36:34.198 [AsyncHttpClient-1-2] DEBUG org.asynchttpclient.netty.handler.HttpHandler - 

Request DefaultFullHttpRequest(decodeResult: success, version: HTTP/1.1, content: EmptyByteBufBE)
GET /session/0726e2f863175e7e0cf329d96533a320/element/02a7e529-4542-46e8-9b0c-d90a502135b0/name HTTP/1.1
User-Agent: selenium/4.1.2 (java windows)
Cache-Control: no-cache
Content-Type: application/json; charset=utf-8
host: localhost:61800
accept: */*

Response DefaultHttpResponse(decodeResult: success, version: HTTP/1.1)
HTTP/1.1 200 OK
Content-Type: application/json; charset=utf-8
cache-control: no-cache
content-length: 16

15:36:34.198 [AsyncHttpClient-1-2] DEBUG org.asynchttpclient.netty.channel.ChannelManager - Adding key: http://localhost:61800 for channel [id: 0x0299e496, L:/127.0.0.1:57603 - R:localhost/127.0.0.1:61800]
15:36:34.203 [Forwarding findElement on session 0726e2f863175e7e0cf329d96533a320 to remote] DEBUG org.asynchttpclient.netty.request.NettyRequestSender - Using pooled Channel '[id: 0x0299e496, L:/127.0.0.1:57603 - R:localhost/127.0.0.1:61800]' for 'POST' to 'http://localhost:61800/session/0726e2f863175e7e0cf329d96533a320/element'
15:36:34.203 [Forwarding findElement on session 0726e2f863175e7e0cf329d96533a320 to remote] DEBUG org.asynchttpclient.netty.request.NettyRequestSender - Using open Channel [id: 0x0299e496, L:/127.0.0.1:57603 - R:localhost/127.0.0.1:61800] for POST '/session/0726e2f863175e7e0cf329d96533a320/element'
15:36:34.212 [AsyncHttpClient-1-2] DEBUG org.asynchttpclient.netty.handler.HttpHandler - 

Request DefaultHttpRequest(decodeResult: success, version: HTTP/1.1)
POST /session/0726e2f863175e7e0cf329d96533a320/element HTTP/1.1
User-Agent: selenium/4.1.2 (java windows)
Content-Length: 81
Content-Type: application/json; charset=utf-8
host: localhost:61800
accept: */*

Response DefaultHttpResponse(decodeResult: success, version: HTTP/1.1)
HTTP/1.1 200 OK
Content-Type: application/json; charset=utf-8
cache-control: no-cache
content-length: 88

15:36:34.212 [AsyncHttpClient-1-2] DEBUG org.asynchttpclient.netty.channel.ChannelManager - Adding key: http://localhost:61800 for channel [id: 0x0299e496, L:/127.0.0.1:57603 - R:localhost/127.0.0.1:61800]
15:36:34.214 [Forwarding clickElement on session 0726e2f863175e7e0cf329d96533a320 to remote] DEBUG org.asynchttpclient.netty.request.NettyRequestSender - Using pooled Channel '[id: 0x0299e496, L:/127.0.0.1:57603 - R:localhost/127.0.0.1:61800]' for 'POST' to 'http://localhost:61800/session/0726e2f863175e7e0cf329d96533a320/element/02a7e529-4542-46e8-9b0c-d90a502135b0/click'
15:36:34.214 [Forwarding clickElement on session 0726e2f863175e7e0cf329d96533a320 to remote] DEBUG org.asynchttpclient.netty.request.NettyRequestSender - Using open Channel [id: 0x0299e496, L:/127.0.0.1:57603 - R:localhost/127.0.0.1:61800] for POST '/session/0726e2f863175e7e0cf329d96533a320/element/02a7e529-4542-46e8-9b0c-d90a502135b0/click'
15:36:34.673 [AsyncHttpClient-1-2] DEBUG org.asynchttpclient.netty.handler.HttpHandler - 

Request DefaultHttpRequest(decodeResult: success, version: HTTP/1.1)
POST /session/0726e2f863175e7e0cf329d96533a320/element/02a7e529-4542-46e8-9b0c-d90a502135b0/click HTTP/1.1
User-Agent: selenium/4.1.2 (java windows)
Content-Length: 50
Content-Type: application/json; charset=utf-8
host: localhost:61800
accept: */*

Response DefaultHttpResponse(decodeResult: success, version: HTTP/1.1)
HTTP/1.1 200 OK
Content-Type: application/json; charset=utf-8
cache-control: no-cache
content-length: 14

15:36:34.673 [AsyncHttpClient-1-2] DEBUG org.asynchttpclient.netty.channel.ChannelManager - Adding key: http://localhost:61800 for channel [id: 0x0299e496, L:/127.0.0.1:57603 - R:localhost/127.0.0.1:61800]
  &amp#27;[32mThen &amp#27;[0m&amp#27;[32mI click baby on the header&amp#27;[0m &amp#27;[90m# starter.stepdefinitions.BabyStep.iClickBabyOnTheHeader()&amp#27;[0m
15:36:34.690 [Forwarding screenshot on session 0726e2f863175e7e0cf329d96533a320 to remote] DEBUG org.asynchttpclient.netty.request.NettyRequestSender - Using pooled Channel '[id: 0x0299e496, L:/127.0.0.1:57603 - R:localhost/127.0.0.1:61800]' for 'GET' to 'http://localhost:61800/session/0726e2f863175e7e0cf329d96533a320/screenshot'
15:36:34.690 [Forwarding screenshot on session 0726e2f863175e7e0cf329d96533a320 to remote] DEBUG org.asynchttpclient.netty.request.NettyRequestSender - Using open Channel [id: 0x0299e496, L:/127.0.0.1:57603 - R:localhost/127.0.0.1:61800] for GET '/session/0726e2f863175e7e0cf329d96533a320/screenshot'
15:36:34.916 [AsyncHttpClient-1-1] DEBUG org.asynchttpclient.netty.channel.DefaultChannelPool - Entry count for : http://localhost:57606 : 1
15:36:35.609 [AsyncHttpClient-1-2] DEBUG org.asynchttpclient.netty.handler.HttpHandler - 

Request DefaultFullHttpRequest(decodeResult: success, version: HTTP/1.1, content: EmptyByteBufBE)
GET /session/0726e2f863175e7e0cf329d96533a320/screenshot HTTP/1.1
User-Agent: selenium/4.1.2 (java windows)
Cache-Control: no-cache
Content-Type: application/json; charset=utf-8
host: localhost:61800
accept: */*

Response DefaultHttpResponse(decodeResult: success, version: HTTP/1.1)
HTTP/1.1 200 OK
Content-Type: application/json; charset=utf-8
cache-control: no-cache
content-length: 118928

15:36:35.610 [AsyncHttpClient-1-2] DEBUG org.asynchttpclient.netty.channel.ChannelManager - Adding key: http://localhost:61800 for channel [id: 0x0299e496, L:/127.0.0.1:57603 - R:localhost/127.0.0.1:61800]
15:36:35.617 [main] DEBUG net.serenitybdd.core.photography.Darkroom - Send negative for processing for target\site\serenity\d21d60ba8c736db7b23036f8c9f853b1ee5ade3706640ac4710b5025e8587e9f.png
15:36:35.617 [Darkroom Processing Line] DEBUG net.serenitybdd.core.photography.DarkroomProcessingLine - Processing screenshot image in /var/screenshots/screenshot-123007346270736416
15:36:35.617 [Darkroom Processing Line] DEBUG net.serenitybdd.core.photography.DarkroomProcessingLine - Saving screenshot to target\site\serenity\d21d60ba8c736db7b23036f8c9f853b1ee5ade3706640ac4710b5025e8587e9f.png
15:36:35.629 [Forwarding findElement on session 0726e2f863175e7e0cf329d96533a320 to remote] DEBUG org.asynchttpclient.netty.request.NettyRequestSender - Using pooled Channel '[id: 0x0299e496, L:/127.0.0.1:57603 - R:localhost/127.0.0.1:61800]' for 'POST' to 'http://localhost:61800/session/0726e2f863175e7e0cf329d96533a320/element'
15:36:35.629 [Forwarding findElement on session 0726e2f863175e7e0cf329d96533a320 to remote] DEBUG org.asynchttpclient.netty.request.NettyRequestSender - Using open Channel [id: 0x0299e496, L:/127.0.0.1:57603 - R:localhost/127.0.0.1:61800] for POST '/session/0726e2f863175e7e0cf329d96533a320/element'
15:36:35.656 [AsyncHttpClient-1-2] DEBUG org.asynchttpclient.netty.handler.HttpHandler - 

Request DefaultHttpRequest(decodeResult: success, version: HTTP/1.1)
POST /session/0726e2f863175e7e0cf329d96533a320/element HTTP/1.1
User-Agent: selenium/4.1.2 (java windows)
Content-Length: 81
Content-Type: application/json; charset=utf-8
host: localhost:61800
accept: */*

Response DefaultHttpResponse(decodeResult: success, version: HTTP/1.1)
HTTP/1.1 200 OK
Content-Type: application/json; charset=utf-8
cache-control: no-cache
content-length: 88

15:36:35.657 [AsyncHttpClient-1-2] DEBUG org.asynchttpclient.netty.channel.ChannelManager - Adding key: http://localhost:61800 for channel [id: 0x0299e496, L:/127.0.0.1:57603 - R:localhost/127.0.0.1:61800]
15:36:35.667 [Forwarding isElementDisplayed on session 0726e2f863175e7e0cf329d96533a320 to remote] DEBUG org.asynchttpclient.netty.request.NettyRequestSender - Using pooled Channel '[id: 0x0299e496, L:/127.0.0.1:57603 - R:localhost/127.0.0.1:61800]' for 'POST' to 'http://localhost:61800/session/0726e2f863175e7e0cf329d96533a320/execute/sync'
15:36:35.667 [Forwarding isElementDisplayed on session 0726e2f863175e7e0cf329d96533a320 to remote] DEBUG org.asynchttpclient.netty.request.NettyRequestSender - Using open Channel [id: 0x0299e496, L:/127.0.0.1:57603 - R:localhost/127.0.0.1:61800] for POST '/session/0726e2f863175e7e0cf329d96533a320/execute/sync'
15:36:35.681 [AsyncHttpClient-1-2] DEBUG org.asynchttpclient.netty.handler.HttpHandler - 

Request DefaultHttpRequest(decodeResult: success, version: HTTP/1.1)
POST /session/0726e2f863175e7e0cf329d96533a320/execute/sync HTTP/1.1
User-Agent: selenium/4.1.2 (java windows)
Content-Length: 48780
Content-Type: application/json; charset=utf-8
host: localhost:61800
accept: */*

Response DefaultHttpResponse(decodeResult: success, version: HTTP/1.1)
HTTP/1.1 200 OK
Content-Type: application/json; charset=utf-8
cache-control: no-cache
content-length: 14

15:36:35.681 [AsyncHttpClient-1-2] DEBUG org.asynchttpclient.netty.channel.ChannelManager - Adding key: http://localhost:61800 for channel [id: 0x0299e496, L:/127.0.0.1:57603 - R:localhost/127.0.0.1:61800]
  &amp#27;[32mWhen &amp#27;[0m&amp#27;[32mI will go to &amp#27;[0m&amp#27;[32m&amp#27;[1m"babyPage"&amp#27;[0m    &amp#27;[90m# starter.stepdefinitions.BabyStep.iWillGoTo(java.lang.String)&amp#27;[0m
15:36:35.690 [Forwarding screenshot on session 0726e2f863175e7e0cf329d96533a320 to remote] DEBUG org.asynchttpclient.netty.request.NettyRequestSender - Using pooled Channel '[id: 0x0299e496, L:/127.0.0.1:57603 - R:localhost/127.0.0.1:61800]' for 'GET' to 'http://localhost:61800/session/0726e2f863175e7e0cf329d96533a320/screenshot'
15:36:35.690 [Forwarding screenshot on session 0726e2f863175e7e0cf329d96533a320 to remote] DEBUG org.asynchttpclient.netty.request.NettyRequestSender - Using open Channel [id: 0x0299e496, L:/127.0.0.1:57603 - R:localhost/127.0.0.1:61800] for GET '/session/0726e2f863175e7e0cf329d96533a320/screenshot'
15:36:35.796 [AsyncHttpClient-1-2] DEBUG org.asynchttpclient.netty.handler.HttpHandler - 

Request DefaultFullHttpRequest(decodeResult: success, version: HTTP/1.1, content: EmptyByteBufBE)
GET /session/0726e2f863175e7e0cf329d96533a320/screenshot HTTP/1.1
User-Agent: selenium/4.1.2 (java windows)
Cache-Control: no-cache
Content-Type: application/json; charset=utf-8
host: localhost:61800
accept: */*

Response DefaultHttpResponse(decodeResult: success, version: HTTP/1.1)
HTTP/1.1 200 OK
Content-Type: application/json; charset=utf-8
cache-control: no-cache
content-length: 137776

15:36:35.796 [AsyncHttpClient-1-2] DEBUG org.asynchttpclient.netty.channel.ChannelManager - Adding key: http://localhost:61800 for channel [id: 0x0299e496, L:/127.0.0.1:57603 - R:localhost/127.0.0.1:61800]
15:36:35.805 [main] DEBUG net.serenitybdd.core.photography.Darkroom - Send negative for processing for target\site\serenity\66be97047e6167e11dbe91b68e4a22e675d657e3f92a8c80afba8fee62bd5186.png
15:36:35.806 [Darkroom Processing Line] DEBUG net.serenitybdd.core.photography.DarkroomProcessingLine - Processing screenshot image in /var/screenshots/screenshot-5217975209545627738
15:36:35.806 [Darkroom Processing Line] DEBUG net.serenitybdd.core.photography.DarkroomProcessingLine - Saving screenshot to target\site\serenity\66be97047e6167e11dbe91b68e4a22e675d657e3f92a8c80afba8fee62bd5186.png
15:36:35.813 [Forwarding findElement on session 0726e2f863175e7e0cf329d96533a320 to remote] DEBUG org.asynchttpclient.netty.request.NettyRequestSender - Using pooled Channel '[id: 0x0299e496, L:/127.0.0.1:57603 - R:localhost/127.0.0.1:61800]' for 'POST' to 'http://localhost:61800/session/0726e2f863175e7e0cf329d96533a320/element'
15:36:35.814 [Forwarding findElement on session 0726e2f863175e7e0cf329d96533a320 to remote] DEBUG org.asynchttpclient.netty.request.NettyRequestSender - Using open Channel [id: 0x0299e496, L:/127.0.0.1:57603 - R:localhost/127.0.0.1:61800] for POST '/session/0726e2f863175e7e0cf329d96533a320/element'
15:36:35.822 [AsyncHttpClient-1-2] DEBUG org.asynchttpclient.netty.handler.HttpHandler - 

Request DefaultHttpRequest(decodeResult: success, version: HTTP/1.1)
POST /session/0726e2f863175e7e0cf329d96533a320/element HTTP/1.1
User-Agent: selenium/4.1.2 (java windows)
Content-Length: 81
Content-Type: application/json; charset=utf-8
host: localhost:61800
accept: */*

Response DefaultHttpResponse(decodeResult: success, version: HTTP/1.1)
HTTP/1.1 200 OK
Content-Type: application/json; charset=utf-8
cache-control: no-cache
content-length: 88

15:36:35.822 [AsyncHttpClient-1-2] DEBUG org.asynchttpclient.netty.channel.ChannelManager - Adding key: http://localhost:61800 for channel [id: 0x0299e496, L:/127.0.0.1:57603 - R:localhost/127.0.0.1:61800]
15:36:35.828 [Forwarding isElementDisplayed on session 0726e2f863175e7e0cf329d96533a320 to remote] DEBUG org.asynchttpclient.netty.request.NettyRequestSender - Using pooled Channel '[id: 0x0299e496, L:/127.0.0.1:57603 - R:localhost/127.0.0.1:61800]' for 'POST' to 'http://localhost:61800/session/0726e2f863175e7e0cf329d96533a320/execute/sync'
15:36:35.829 [Forwarding isElementDisplayed on session 0726e2f863175e7e0cf329d96533a320 to remote] DEBUG org.asynchttpclient.netty.request.NettyRequestSender - Using open Channel [id: 0x0299e496, L:/127.0.0.1:57603 - R:localhost/127.0.0.1:61800] for POST '/session/0726e2f863175e7e0cf329d96533a320/execute/sync'
15:36:35.841 [AsyncHttpClient-1-2] DEBUG org.asynchttpclient.netty.handler.HttpHandler - 

Request DefaultHttpRequest(decodeResult: success, version: HTTP/1.1)
POST /session/0726e2f863175e7e0cf329d96533a320/execute/sync HTTP/1.1
User-Agent: selenium/4.1.2 (java windows)
Content-Length: 48780
Content-Type: application/json; charset=utf-8
host: localhost:61800
accept: */*

Response DefaultHttpResponse(decodeResult: success, version: HTTP/1.1)
HTTP/1.1 200 OK
Content-Type: application/json; charset=utf-8
cache-control: no-cache
content-length: 14

15:36:35.841 [AsyncHttpClient-1-2] DEBUG org.asynchttpclient.netty.channel.ChannelManager - Adding key: http://localhost:61800 for channel [id: 0x0299e496, L:/127.0.0.1:57603 - R:localhost/127.0.0.1:61800]
  &amp#27;[32mAnd &amp#27;[0m&amp#27;[32mI &amp#27;[0m&amp#27;[32m&amp#27;[1m"bayi"&amp#27;[0m&amp#27;[32m page&amp#27;[0m               &amp#27;[90m# starter.stepdefinitions.BabyStep.iPage(java.lang.String)&amp#27;[0m
15:36:35.954 [Driver Command Executor] DEBUG org.asynchttpclient.netty.request.NettyRequestSender - Using pooled Channel '[id: 0x0299e496, L:/127.0.0.1:57603 - R:localhost/127.0.0.1:61800]' for 'DELETE' to 'http://localhost:61800/session/0726e2f863175e7e0cf329d96533a320'
15:36:35.954 [Driver Command Executor] DEBUG org.asynchttpclient.netty.request.NettyRequestSender - Using open Channel [id: 0x0299e496, L:/127.0.0.1:57603 - R:localhost/127.0.0.1:61800] for DELETE '/session/0726e2f863175e7e0cf329d96533a320'
15:36:35.955 [AsyncHttpClient-1-4] DEBUG org.asynchttpclient.netty.handler.WebSocketHandler - Channel Closed: [id: 0x30bcf04c, L:/127.0.0.1:57616 ! R:localhost/127.0.0.1:57606] with attribute NettyResponseFuture{currentRetry=5,
	isDone=1,
	isCancelled=0,
	asyncHandler=org.asynchttpclient.ws.WebSocketUpgradeHandler@27d7f36,
	nettyRequest=org.asynchttpclient.netty.request.NettyRequest@a3797a2,
	future=java.util.concurrent.CompletableFuture@c2fd826[Completed normally],
	uri=ws://localhost:57606/devtools/browser/d6a00240-b19b-40e4-a922-e197996eadbf,
	keepAlive=true,
	redirectCount=0,
	timeoutsHolder=null,
	inAuth=0,
	touch=1680683786763}
15:36:35.956 [AsyncHttpClient-1-4] DEBUG org.asynchttpclient.netty.channel.ChannelManager - Closing Channel [id: 0x30bcf04c, L:/127.0.0.1:57616 ! R:localhost/127.0.0.1:57606] 
15:36:35.991 [AsyncHttpClient-1-3] DEBUG org.asynchttpclient.netty.handler.HttpHandler - Unexpected I/O exception on channel [id: 0xbd46e331, L:/127.0.0.1:57615 - R:localhost/127.0.0.1:57606]
java.net.SocketException: Connection reset
	at java.base/sun.nio.ch.SocketChannelImpl.throwConnectionReset(SocketChannelImpl.java:345)
	at java.base/sun.nio.ch.SocketChannelImpl.read(SocketChannelImpl.java:376)
	at io.netty.buffer.PooledByteBuf.setBytes(PooledByteBuf.java:258)
	at io.netty.buffer.AbstractByteBuf.writeBytes(AbstractByteBuf.java:1132)
	at io.netty.channel.socket.nio.NioSocketChannel.doReadBytes(NioSocketChannel.java:350)
	at io.netty.channel.nio.AbstractNioByteChannel$NioByteUnsafe.read(AbstractNioByteChannel.java:151)
	at io.netty.channel.nio.NioEventLoop.processSelectedKey(NioEventLoop.java:722)
	at io.netty.channel.nio.NioEventLoop.processSelectedKeysOptimized(NioEventLoop.java:658)
	at io.netty.channel.nio.NioEventLoop.processSelectedKeys(NioEventLoop.java:584)
	at io.netty.channel.nio.NioEventLoop.run(NioEventLoop.java:496)
	at io.netty.util.concurrent.SingleThreadEventExecutor$4.run(SingleThreadEventExecutor.java:986)
	at io.netty.util.internal.ThreadExecutorMap$2.run(ThreadExecutorMap.java:74)
	at io.netty.util.concurrent.FastThreadLocalRunnable.run(FastThreadLocalRunnable.java:30)
	at java.base/java.lang.Thread.run(Thread.java:830)
15:36:35.991 [AsyncHttpClient-1-3] DEBUG org.asynchttpclient.netty.channel.ChannelManager - Closing Channel [id: 0xbd46e331, L:/127.0.0.1:57615 - R:localhost/127.0.0.1:57606] 
15:36:35.993 [AsyncHttpClient-1-3] DEBUG org.asynchttpclient.netty.handler.HttpHandler - Channel Closed: [id: 0xbd46e331, L:/127.0.0.1:57615 ! R:localhost/127.0.0.1:57606] with attribute DISCARD
15:36:36.015 [AsyncHttpClient-1-1] DEBUG org.asynchttpclient.netty.channel.DefaultChannelPool - Entry count for : http://localhost:57606 : 1
15:36:36.015 [AsyncHttpClient-1-1] DEBUG org.asynchttpclient.netty.channel.DefaultChannelPool - Adding Candidate expired Channel [id: 0xbd46e331, L:/127.0.0.1:57615 ! R:localhost/127.0.0.1:57606] isIdleTimeoutExpired=false isRemotelyClosed=true isTtlExpired=false
15:36:36.015 [AsyncHttpClient-1-1] DEBUG org.asynchttpclient.netty.channel.DefaultChannelPool - Closing Idle Channel [id: 0xbd46e331, L:/127.0.0.1:57615 ! R:localhost/127.0.0.1:57606]
15:36:36.016 [AsyncHttpClient-1-1] DEBUG org.asynchttpclient.netty.channel.DefaultChannelPool - Closed 1 connections out of 1 in 1 ms
15:36:36.032 [AsyncHttpClient-1-2] DEBUG org.asynchttpclient.netty.handler.HttpHandler - 

Request DefaultFullHttpRequest(decodeResult: success, version: HTTP/1.1, content: EmptyByteBufBE)
DELETE /session/0726e2f863175e7e0cf329d96533a320 HTTP/1.1
User-Agent: selenium/4.1.2 (java windows)
Content-Type: application/json; charset=utf-8
host: localhost:61800
accept: */*

Response DefaultHttpResponse(decodeResult: success, version: HTTP/1.1)
HTTP/1.1 200 OK
Content-Type: application/json; charset=utf-8
cache-control: no-cache
content-length: 14

15:36:36.033 [AsyncHttpClient-1-2] DEBUG org.asynchttpclient.netty.channel.ChannelManager - Adding key: http://localhost:61800 for channel [id: 0x0299e496, L:/127.0.0.1:57603 - R:localhost/127.0.0.1:61800]
15:36:36.198 [AsyncHttpClient-1-2] DEBUG org.asynchttpclient.netty.handler.HttpHandler - Channel Closed: [id: 0x0299e496, L:/127.0.0.1:57603 ! R:localhost/127.0.0.1:61800] with attribute DISCARD
15:36:36.781 [main] INFO  - 
  _____   ___   ___   _____     ___     _     ___   ___   ___   ___  
 |_   _| | __| / __| |_   _|   | _ \   /_\   / __| / __| | __| |   \ 
   | |   | _|  \__ \   | |     |  _/  / _ \  \__ \ \__ \ | _|  | |) |
   |_|   |___| |___/   |_|     |_|   /_/ \_\ |___/ |___/ |___| |___/ 

Fitur Menu Baby
----------------------------------------------------------------------
]]></system-out>
    <system-err><![CDATA[Starting Microsoft Edge WebDriver 111.0.1661.62 (0a8f453929e6410c973aa529a40485ce4e3e03db) on port 61800
To submit feedback, report a bug, or suggest new features, please visit https://github.com/MicrosoftEdge/EdgeWebDriver

Only local connections are allowed.
Please see https://aka.ms/WebDriverSecurity for suggestions on keeping Microsoft Edge WebDriver safe.

Microsoft Edge WebDriver was started successfully.
Apr 05, 2023 3:36:26 PM org.openqa.selenium.remote.ProtocolHandshake createSession
INFO: Detected dialect: W3C
Apr 05, 2023 3:36:26 PM org.openqa.selenium.devtools.CdpVersionFinder findNearestMatch
WARNING: Unable to find an exact match for CDP version 111, so returning the closest version found: a no-op implementation
Apr 05, 2023 3:36:26 PM org.openqa.selenium.devtools.CdpVersionFinder findNearestMatch
INFO: Unable to find CDP implementation matching 111.
Apr 05, 2023 3:36:26 PM org.openqa.selenium.chromium.ChromiumDriver lambda$new$3
WARNING: Unable to find version of CDP to use for . You may need to include a dependency on a specific version of the CDP using something similar to `org.seleniumhq.selenium:selenium-devtools-v86:4.1.2` where the version ("v86") matches the version of the chromium-based browser you're using and the version number of the artifact is the same as Selenium's.
]]></system-err>
  </testcase>
  <testcase name="Fitur Menu Baby #2" classname="Baby" time="9.742">
    <system-out><![CDATA[
Scenario Outline: Fitur Menu Baby     &amp#27;[90m# src/test/resources/features/Baby.feature:94&amp#27;[0m
15:36:36.791 [main] INFO io.cucumber.core.plugin.SerenityReporter - Running feature from file:///C:/Users/alwi/IdeaProjects/uniqloweb/src/test/resources/features/Baby.feature
15:36:36.943 [main] DEBUG io.github.bonigarcia.wdm.cache.ResolutionCache - Resolution edge=111 in cache (valid until 16:17:30 05/04/2023 WIB)
15:36:36.947 [main] DEBUG io.github.bonigarcia.wdm.cache.ResolutionCache - Resolution edge111=111.0.1661.62 in cache (valid until 15:17:30 06/04/2023 WIB)
15:36:36.950 [main] INFO io.github.bonigarcia.wdm.WebDriverManager - Using msedgedriver 111.0.1661.62 (resolved driver for Edge 111)
15:36:36.964 [main] DEBUG io.github.bonigarcia.wdm.WebDriverManager - Driver msedgedriver 111.0.1661.62 found in cache
15:36:36.965 [main] INFO io.github.bonigarcia.wdm.WebDriverManager - Exporting webdriver.edge.driver as C:\Users\alwi\.cache\selenium\msedgedriver\win64\111.0.1661.62\msedgedriver.exe
15:36:36.968 [main] DEBUG net.serenitybdd.core.webdriver.driverproviders.ProvideNewDriver - Instantiating driver
15:36:36.968 [main] DEBUG net.serenitybdd.core.webdriver.driverproviders.ProvideNewDriver - Driver capabilities: Capabilities {base.url: https://www.uniqlo.com, chrome.driver: src/test/resources/webdrive..., driver: edge, ms:edgeChromium: true, ms:edgeOptions: {}, wait.for.timeout: 6000}
15:36:37.116 [AsyncHttpClient-1-1] DEBUG org.asynchttpclient.netty.channel.DefaultChannelPool - Entry count for : http://localhost:61800 : 1
15:36:37.116 [AsyncHttpClient-1-1] DEBUG org.asynchttpclient.netty.channel.DefaultChannelPool - Adding Candidate expired Channel [id: 0x0299e496, L:/127.0.0.1:57603 ! R:localhost/127.0.0.1:61800] isIdleTimeoutExpired=false isRemotelyClosed=true isTtlExpired=false
15:36:37.116 [AsyncHttpClient-1-1] DEBUG org.asynchttpclient.netty.channel.DefaultChannelPool - Closing Idle Channel [id: 0x0299e496, L:/127.0.0.1:57603 ! R:localhost/127.0.0.1:61800]
15:36:37.116 [AsyncHttpClient-1-1] DEBUG org.asynchttpclient.netty.channel.DefaultChannelPool - Closed 1 connections out of 1 in 0 ms
15:36:37.510 [AsyncHttpClient-1-5] DEBUG org.asynchttpclient.netty.channel.NettyConnectListener - Using new Channel '[id: 0xc5f99abe, L:/127.0.0.1:57745 - R:localhost/127.0.0.1:52831]' for 'POST' to '/session'
15:36:38.125 [AsyncHttpClient-1-5] DEBUG org.asynchttpclient.netty.handler.HttpHandler - 

Request DefaultHttpRequest(decodeResult: success, version: HTTP/1.1)
POST /session HTTP/1.1
User-Agent: selenium/4.1.2 (java windows)
Content-Length: 627
Content-Type: application/json; charset=utf-8
host: localhost:52831
accept: */*

Response DefaultHttpResponse(decodeResult: success, version: HTTP/1.1)
HTTP/1.1 200 OK
Content-Type: application/json; charset=utf-8
cache-control: no-cache
content-length: 824

15:36:38.125 [AsyncHttpClient-1-5] DEBUG org.asynchttpclient.netty.channel.ChannelManager - Adding key: http://localhost:52831 for channel [id: 0xc5f99abe, L:/127.0.0.1:57745 - R:localhost/127.0.0.1:52831]
15:36:38.133 [AsyncHttpClient-1-6] DEBUG org.asynchttpclient.netty.channel.NettyConnectListener - Using new Channel '[id: 0x4d7d525b, L:/127.0.0.1:57756 - R:localhost/127.0.0.1:57748]' for 'GET' to '/json/version'
15:36:38.137 [AsyncHttpClient-1-6] DEBUG org.asynchttpclient.netty.handler.HttpHandler - 

Request DefaultFullHttpRequest(decodeResult: success, version: HTTP/1.1, content: EmptyByteBufBE)
GET /json/version HTTP/1.1
User-Agent: selenium/4.1.2 (java windows)
host: localhost:57748
accept: */*

Response DefaultHttpResponse(decodeResult: success, version: HTTP/1.1)
HTTP/1.1 200 OK
Content-Security-Policy: frame-ancestors 'none'
Content-Type: application/json; charset=UTF-8
content-length: 436

15:36:38.138 [AsyncHttpClient-1-6] DEBUG org.asynchttpclient.netty.channel.ChannelManager - Adding key: http://localhost:57748 for channel [id: 0x4d7d525b, L:/127.0.0.1:57756 - R:localhost/127.0.0.1:57748]
15:36:38.141 [AsyncHttpClient-1-7] DEBUG org.asynchttpclient.netty.channel.NettyConnectListener - Using new Channel '[id: 0x96c6f89c, L:/127.0.0.1:57757 - R:localhost/127.0.0.1:57748]' for 'GET' to '/devtools/browser/388768c9-09a2-45b3-86a4-b4af311b147a'
15:36:38.145 [AsyncHttpClient-1-7] DEBUG org.asynchttpclient.netty.handler.WebSocketHandler - 

Request DefaultFullHttpRequest(decodeResult: success, version: HTTP/1.1, content: EmptyByteBufBE)
GET /devtools/browser/388768c9-09a2-45b3-86a4-b4af311b147a HTTP/1.1
upgrade: websocket
connection: upgrade
sec-websocket-key: rb7eyI94fR3gUIHGj8umAw==
sec-websocket-version: 13
origin: http://localhost:57748
host: localhost:57748
accept: */*
user-agent: AHC/2.1

Response DefaultHttpResponse(decodeResult: success, version: HTTP/1.1)
HTTP/1.1 101 WebSocket Protocol Handshake
Upgrade: WebSocket
Connection: Upgrade
Sec-WebSocket-Accept: Qut8bOAP8H1Mm1ZtJasqy715br0=

15:36:38.150 [Forwarding get on session 87cab5756bb0dfc5ba103b2f1b2c951a to remote] DEBUG org.asynchttpclient.netty.request.NettyRequestSender - Using pooled Channel '[id: 0xc5f99abe, L:/127.0.0.1:57745 - R:localhost/127.0.0.1:52831]' for 'POST' to 'http://localhost:52831/session/87cab5756bb0dfc5ba103b2f1b2c951a/url'
15:36:38.150 [Forwarding get on session 87cab5756bb0dfc5ba103b2f1b2c951a to remote] DEBUG org.asynchttpclient.netty.request.NettyRequestSender - Using open Channel [id: 0xc5f99abe, L:/127.0.0.1:57745 - R:localhost/127.0.0.1:52831] for POST '/session/87cab5756bb0dfc5ba103b2f1b2c951a/url'
15:36:38.220 [AsyncHttpClient-1-1] DEBUG org.asynchttpclient.netty.channel.DefaultChannelPool - Entry count for : http://localhost:57748 : 1
15:36:39.325 [AsyncHttpClient-1-1] DEBUG org.asynchttpclient.netty.channel.DefaultChannelPool - Entry count for : http://localhost:57748 : 1
15:36:40.416 [AsyncHttpClient-1-1] DEBUG org.asynchttpclient.netty.channel.DefaultChannelPool - Entry count for : http://localhost:57748 : 1
15:36:41.516 [AsyncHttpClient-1-1] DEBUG org.asynchttpclient.netty.channel.DefaultChannelPool - Entry count for : http://localhost:57748 : 1
15:36:42.622 [AsyncHttpClient-1-1] DEBUG org.asynchttpclient.netty.channel.DefaultChannelPool - Entry count for : http://localhost:57748 : 1
15:36:43.289 [AsyncHttpClient-1-5] DEBUG org.asynchttpclient.netty.handler.HttpHandler - 

Request DefaultHttpRequest(decodeResult: success, version: HTTP/1.1)
POST /session/87cab5756bb0dfc5ba103b2f1b2c951a/url HTTP/1.1
User-Agent: selenium/4.1.2 (java windows)
Content-Length: 53
Content-Type: application/json; charset=utf-8
host: localhost:52831
accept: */*

Response DefaultHttpResponse(decodeResult: success, version: HTTP/1.1)
HTTP/1.1 200 OK
Content-Type: application/json; charset=utf-8
cache-control: no-cache
content-length: 14

15:36:43.290 [AsyncHttpClient-1-5] DEBUG org.asynchttpclient.netty.channel.ChannelManager - Adding key: http://localhost:52831 for channel [id: 0xc5f99abe, L:/127.0.0.1:57745 - R:localhost/127.0.0.1:52831]
15:36:43.293 [Forwarding setTimeout on session 87cab5756bb0dfc5ba103b2f1b2c951a to remote] DEBUG org.asynchttpclient.netty.request.NettyRequestSender - Using pooled Channel '[id: 0xc5f99abe, L:/127.0.0.1:57745 - R:localhost/127.0.0.1:52831]' for 'POST' to 'http://localhost:52831/session/87cab5756bb0dfc5ba103b2f1b2c951a/timeouts'
15:36:43.293 [Forwarding setTimeout on session 87cab5756bb0dfc5ba103b2f1b2c951a to remote] DEBUG org.asynchttpclient.netty.request.NettyRequestSender - Using open Channel [id: 0xc5f99abe, L:/127.0.0.1:57745 - R:localhost/127.0.0.1:52831] for POST '/session/87cab5756bb0dfc5ba103b2f1b2c951a/timeouts'
15:36:43.295 [AsyncHttpClient-1-5] DEBUG org.asynchttpclient.netty.handler.HttpHandler - 

Request DefaultHttpRequest(decodeResult: success, version: HTTP/1.1)
POST /session/87cab5756bb0dfc5ba103b2f1b2c951a/timeouts HTTP/1.1
User-Agent: selenium/4.1.2 (java windows)
Content-Length: 22
Content-Type: application/json; charset=utf-8
host: localhost:52831
accept: */*

Response DefaultHttpResponse(decodeResult: success, version: HTTP/1.1)
HTTP/1.1 200 OK
Content-Type: application/json; charset=utf-8
cache-control: no-cache
content-length: 14

15:36:43.296 [AsyncHttpClient-1-5] DEBUG org.asynchttpclient.netty.channel.ChannelManager - Adding key: http://localhost:52831 for channel [id: 0xc5f99abe, L:/127.0.0.1:57745 - R:localhost/127.0.0.1:52831]
15:36:43.299 [Forwarding getCurrentUrl on session 87cab5756bb0dfc5ba103b2f1b2c951a to remote] DEBUG org.asynchttpclient.netty.request.NettyRequestSender - Using pooled Channel '[id: 0xc5f99abe, L:/127.0.0.1:57745 - R:localhost/127.0.0.1:52831]' for 'GET' to 'http://localhost:52831/session/87cab5756bb0dfc5ba103b2f1b2c951a/url'
15:36:43.299 [Forwarding getCurrentUrl on session 87cab5756bb0dfc5ba103b2f1b2c951a to remote] DEBUG org.asynchttpclient.netty.request.NettyRequestSender - Using open Channel [id: 0xc5f99abe, L:/127.0.0.1:57745 - R:localhost/127.0.0.1:52831] for GET '/session/87cab5756bb0dfc5ba103b2f1b2c951a/url'
15:36:43.304 [AsyncHttpClient-1-5] DEBUG org.asynchttpclient.netty.handler.HttpHandler - 

Request DefaultFullHttpRequest(decodeResult: success, version: HTTP/1.1, content: EmptyByteBufBE)
GET /session/87cab5756bb0dfc5ba103b2f1b2c951a/url HTTP/1.1
User-Agent: selenium/4.1.2 (java windows)
Cache-Control: no-cache
Content-Type: application/json; charset=utf-8
host: localhost:52831
accept: */*

Response DefaultHttpResponse(decodeResult: success, version: HTTP/1.1)
HTTP/1.1 200 OK
Content-Type: application/json; charset=utf-8
cache-control: no-cache
content-length: 41

15:36:43.304 [AsyncHttpClient-1-5] DEBUG org.asynchttpclient.netty.channel.ChannelManager - Adding key: http://localhost:52831 for channel [id: 0xc5f99abe, L:/127.0.0.1:57745 - R:localhost/127.0.0.1:52831]
  &amp#27;[32mGiven &amp#27;[0m&amp#27;[32mI am on the home page&amp#27;[0m         &amp#27;[90m# starter.stepdefinitions.BabyStep.iAmOnTheHomePage()&amp#27;[0m
15:36:43.313 [Forwarding screenshot on session 87cab5756bb0dfc5ba103b2f1b2c951a to remote] DEBUG org.asynchttpclient.netty.request.NettyRequestSender - Using pooled Channel '[id: 0xc5f99abe, L:/127.0.0.1:57745 - R:localhost/127.0.0.1:52831]' for 'GET' to 'http://localhost:52831/session/87cab5756bb0dfc5ba103b2f1b2c951a/screenshot'
15:36:43.313 [Forwarding screenshot on session 87cab5756bb0dfc5ba103b2f1b2c951a to remote] DEBUG org.asynchttpclient.netty.request.NettyRequestSender - Using open Channel [id: 0xc5f99abe, L:/127.0.0.1:57745 - R:localhost/127.0.0.1:52831] for GET '/session/87cab5756bb0dfc5ba103b2f1b2c951a/screenshot'
15:36:43.684 [AsyncHttpClient-1-5] DEBUG org.asynchttpclient.netty.handler.HttpHandler - 

Request DefaultFullHttpRequest(decodeResult: success, version: HTTP/1.1, content: EmptyByteBufBE)
GET /session/87cab5756bb0dfc5ba103b2f1b2c951a/screenshot HTTP/1.1
User-Agent: selenium/4.1.2 (java windows)
Cache-Control: no-cache
Content-Type: application/json; charset=utf-8
host: localhost:52831
accept: */*

Response DefaultHttpResponse(decodeResult: success, version: HTTP/1.1)
HTTP/1.1 200 OK
Content-Type: application/json; charset=utf-8
cache-control: no-cache
content-length: 1119968

15:36:43.691 [AsyncHttpClient-1-5] DEBUG org.asynchttpclient.netty.channel.ChannelManager - Adding key: http://localhost:52831 for channel [id: 0xc5f99abe, L:/127.0.0.1:57745 - R:localhost/127.0.0.1:52831]
15:36:43.716 [AsyncHttpClient-1-1] DEBUG org.asynchttpclient.netty.channel.DefaultChannelPool - Entry count for : http://localhost:52831 : 1
15:36:43.716 [AsyncHttpClient-1-1] DEBUG org.asynchttpclient.netty.channel.DefaultChannelPool - Entry count for : http://localhost:57748 : 1
15:36:43.746 [main] DEBUG net.serenitybdd.core.photography.Darkroom - Send negative for processing for target\site\serenity\3d1b19ad31921c0beae4332facd941fcc81467ad5802877977ec6c100df601ce.png
15:36:43.756 [Forwarding findElement on session 87cab5756bb0dfc5ba103b2f1b2c951a to remote] DEBUG org.asynchttpclient.netty.request.NettyRequestSender - Using pooled Channel '[id: 0xc5f99abe, L:/127.0.0.1:57745 - R:localhost/127.0.0.1:52831]' for 'POST' to 'http://localhost:52831/session/87cab5756bb0dfc5ba103b2f1b2c951a/element'
15:36:43.756 [Forwarding findElement on session 87cab5756bb0dfc5ba103b2f1b2c951a to remote] DEBUG org.asynchttpclient.netty.request.NettyRequestSender - Using open Channel [id: 0xc5f99abe, L:/127.0.0.1:57745 - R:localhost/127.0.0.1:52831] for POST '/session/87cab5756bb0dfc5ba103b2f1b2c951a/element'
15:36:43.772 [AsyncHttpClient-1-5] DEBUG org.asynchttpclient.netty.handler.HttpHandler - 

Request DefaultHttpRequest(decodeResult: success, version: HTTP/1.1)
POST /session/87cab5756bb0dfc5ba103b2f1b2c951a/element HTTP/1.1
User-Agent: selenium/4.1.2 (java windows)
Content-Length: 81
Content-Type: application/json; charset=utf-8
host: localhost:52831
accept: */*

Response DefaultHttpResponse(decodeResult: success, version: HTTP/1.1)
HTTP/1.1 200 OK
Content-Type: application/json; charset=utf-8
cache-control: no-cache
content-length: 88

15:36:43.772 [AsyncHttpClient-1-5] DEBUG org.asynchttpclient.netty.channel.ChannelManager - Adding key: http://localhost:52831 for channel [id: 0xc5f99abe, L:/127.0.0.1:57745 - R:localhost/127.0.0.1:52831]
15:36:43.774 [Forwarding getElementTagName on session 87cab5756bb0dfc5ba103b2f1b2c951a to remote] DEBUG org.asynchttpclient.netty.request.NettyRequestSender - Using pooled Channel '[id: 0xc5f99abe, L:/127.0.0.1:57745 - R:localhost/127.0.0.1:52831]' for 'GET' to 'http://localhost:52831/session/87cab5756bb0dfc5ba103b2f1b2c951a/element/16ba0a8a-72e8-43e6-afd4-f0ec4900cfd3/name'
15:36:43.775 [Forwarding getElementTagName on session 87cab5756bb0dfc5ba103b2f1b2c951a to remote] DEBUG org.asynchttpclient.netty.request.NettyRequestSender - Using open Channel [id: 0xc5f99abe, L:/127.0.0.1:57745 - R:localhost/127.0.0.1:52831] for GET '/session/87cab5756bb0dfc5ba103b2f1b2c951a/element/16ba0a8a-72e8-43e6-afd4-f0ec4900cfd3/name'
15:36:43.778 [AsyncHttpClient-1-5] DEBUG org.asynchttpclient.netty.handler.HttpHandler - 

Request DefaultFullHttpRequest(decodeResult: success, version: HTTP/1.1, content: EmptyByteBufBE)
GET /session/87cab5756bb0dfc5ba103b2f1b2c951a/element/16ba0a8a-72e8-43e6-afd4-f0ec4900cfd3/name HTTP/1.1
User-Agent: selenium/4.1.2 (java windows)
Cache-Control: no-cache
Content-Type: application/json; charset=utf-8
host: localhost:52831
accept: */*

Response DefaultHttpResponse(decodeResult: success, version: HTTP/1.1)
HTTP/1.1 200 OK
Content-Type: application/json; charset=utf-8
cache-control: no-cache
content-length: 16

15:36:43.779 [AsyncHttpClient-1-5] DEBUG org.asynchttpclient.netty.channel.ChannelManager - Adding key: http://localhost:52831 for channel [id: 0xc5f99abe, L:/127.0.0.1:57745 - R:localhost/127.0.0.1:52831]
15:36:43.781 [Forwarding getElementTagName on session 87cab5756bb0dfc5ba103b2f1b2c951a to remote] DEBUG org.asynchttpclient.netty.request.NettyRequestSender - Using pooled Channel '[id: 0xc5f99abe, L:/127.0.0.1:57745 - R:localhost/127.0.0.1:52831]' for 'GET' to 'http://localhost:52831/session/87cab5756bb0dfc5ba103b2f1b2c951a/element/16ba0a8a-72e8-43e6-afd4-f0ec4900cfd3/name'
15:36:43.781 [Forwarding getElementTagName on session 87cab5756bb0dfc5ba103b2f1b2c951a to remote] DEBUG org.asynchttpclient.netty.request.NettyRequestSender - Using open Channel [id: 0xc5f99abe, L:/127.0.0.1:57745 - R:localhost/127.0.0.1:52831] for GET '/session/87cab5756bb0dfc5ba103b2f1b2c951a/element/16ba0a8a-72e8-43e6-afd4-f0ec4900cfd3/name'
15:36:43.784 [AsyncHttpClient-1-5] DEBUG org.asynchttpclient.netty.handler.HttpHandler - 

Request DefaultFullHttpRequest(decodeResult: success, version: HTTP/1.1, content: EmptyByteBufBE)
GET /session/87cab5756bb0dfc5ba103b2f1b2c951a/element/16ba0a8a-72e8-43e6-afd4-f0ec4900cfd3/name HTTP/1.1
User-Agent: selenium/4.1.2 (java windows)
Cache-Control: no-cache
Content-Type: application/json; charset=utf-8
host: localhost:52831
accept: */*

Response DefaultHttpResponse(decodeResult: success, version: HTTP/1.1)
HTTP/1.1 200 OK
Content-Type: application/json; charset=utf-8
cache-control: no-cache
content-length: 16

15:36:43.784 [AsyncHttpClient-1-5] DEBUG org.asynchttpclient.netty.channel.ChannelManager - Adding key: http://localhost:52831 for channel [id: 0xc5f99abe, L:/127.0.0.1:57745 - R:localhost/127.0.0.1:52831]
15:36:43.786 [Forwarding findElement on session 87cab5756bb0dfc5ba103b2f1b2c951a to remote] DEBUG org.asynchttpclient.netty.request.NettyRequestSender - Using pooled Channel '[id: 0xc5f99abe, L:/127.0.0.1:57745 - R:localhost/127.0.0.1:52831]' for 'POST' to 'http://localhost:52831/session/87cab5756bb0dfc5ba103b2f1b2c951a/element'
15:36:43.786 [Forwarding findElement on session 87cab5756bb0dfc5ba103b2f1b2c951a to remote] DEBUG org.asynchttpclient.netty.request.NettyRequestSender - Using open Channel [id: 0xc5f99abe, L:/127.0.0.1:57745 - R:localhost/127.0.0.1:52831] for POST '/session/87cab5756bb0dfc5ba103b2f1b2c951a/element'
15:36:43.807 [AsyncHttpClient-1-5] DEBUG org.asynchttpclient.netty.handler.HttpHandler - 

Request DefaultHttpRequest(decodeResult: success, version: HTTP/1.1)
POST /session/87cab5756bb0dfc5ba103b2f1b2c951a/element HTTP/1.1
User-Agent: selenium/4.1.2 (java windows)
Content-Length: 81
Content-Type: application/json; charset=utf-8
host: localhost:52831
accept: */*

Response DefaultHttpResponse(decodeResult: success, version: HTTP/1.1)
HTTP/1.1 200 OK
Content-Type: application/json; charset=utf-8
cache-control: no-cache
content-length: 88

15:36:43.808 [AsyncHttpClient-1-5] DEBUG org.asynchttpclient.netty.channel.ChannelManager - Adding key: http://localhost:52831 for channel [id: 0xc5f99abe, L:/127.0.0.1:57745 - R:localhost/127.0.0.1:52831]
15:36:43.809 [Forwarding clickElement on session 87cab5756bb0dfc5ba103b2f1b2c951a to remote] DEBUG org.asynchttpclient.netty.request.NettyRequestSender - Using pooled Channel '[id: 0xc5f99abe, L:/127.0.0.1:57745 - R:localhost/127.0.0.1:52831]' for 'POST' to 'http://localhost:52831/session/87cab5756bb0dfc5ba103b2f1b2c951a/element/16ba0a8a-72e8-43e6-afd4-f0ec4900cfd3/click'
15:36:43.809 [Forwarding clickElement on session 87cab5756bb0dfc5ba103b2f1b2c951a to remote] DEBUG org.asynchttpclient.netty.request.NettyRequestSender - Using open Channel [id: 0xc5f99abe, L:/127.0.0.1:57745 - R:localhost/127.0.0.1:52831] for POST '/session/87cab5756bb0dfc5ba103b2f1b2c951a/element/16ba0a8a-72e8-43e6-afd4-f0ec4900cfd3/click'
15:36:44.290 [AsyncHttpClient-1-5] DEBUG org.asynchttpclient.netty.handler.HttpHandler - 

Request DefaultHttpRequest(decodeResult: success, version: HTTP/1.1)
POST /session/87cab5756bb0dfc5ba103b2f1b2c951a/element/16ba0a8a-72e8-43e6-afd4-f0ec4900cfd3/click HTTP/1.1
User-Agent: selenium/4.1.2 (java windows)
Content-Length: 50
Content-Type: application/json; charset=utf-8
host: localhost:52831
accept: */*

Response DefaultHttpResponse(decodeResult: success, version: HTTP/1.1)
HTTP/1.1 200 OK
Content-Type: application/json; charset=utf-8
cache-control: no-cache
content-length: 14

15:36:44.291 [AsyncHttpClient-1-5] DEBUG org.asynchttpclient.netty.channel.ChannelManager - Adding key: http://localhost:52831 for channel [id: 0xc5f99abe, L:/127.0.0.1:57745 - R:localhost/127.0.0.1:52831]
  &amp#27;[32mThen &amp#27;[0m&amp#27;[32mI click baby on the header&amp#27;[0m     &amp#27;[90m# starter.stepdefinitions.BabyStep.iClickBabyOnTheHeader()&amp#27;[0m
15:36:44.305 [Forwarding screenshot on session 87cab5756bb0dfc5ba103b2f1b2c951a to remote] DEBUG org.asynchttpclient.netty.request.NettyRequestSender - Using pooled Channel '[id: 0xc5f99abe, L:/127.0.0.1:57745 - R:localhost/127.0.0.1:52831]' for 'GET' to 'http://localhost:52831/session/87cab5756bb0dfc5ba103b2f1b2c951a/screenshot'
15:36:44.305 [Forwarding screenshot on session 87cab5756bb0dfc5ba103b2f1b2c951a to remote] DEBUG org.asynchttpclient.netty.request.NettyRequestSender - Using open Channel [id: 0xc5f99abe, L:/127.0.0.1:57745 - R:localhost/127.0.0.1:52831] for GET '/session/87cab5756bb0dfc5ba103b2f1b2c951a/screenshot'
15:36:44.823 [AsyncHttpClient-1-1] DEBUG org.asynchttpclient.netty.channel.DefaultChannelPool - Entry count for : http://localhost:57748 : 1
15:36:45.096 [AsyncHttpClient-1-5] DEBUG org.asynchttpclient.netty.handler.HttpHandler - 

Request DefaultFullHttpRequest(decodeResult: success, version: HTTP/1.1, content: EmptyByteBufBE)
GET /session/87cab5756bb0dfc5ba103b2f1b2c951a/screenshot HTTP/1.1
User-Agent: selenium/4.1.2 (java windows)
Cache-Control: no-cache
Content-Type: application/json; charset=utf-8
host: localhost:52831
accept: */*

Response DefaultHttpResponse(decodeResult: success, version: HTTP/1.1)
HTTP/1.1 200 OK
Content-Type: application/json; charset=utf-8
cache-control: no-cache
content-length: 137776

15:36:45.097 [AsyncHttpClient-1-5] DEBUG org.asynchttpclient.netty.channel.ChannelManager - Adding key: http://localhost:52831 for channel [id: 0xc5f99abe, L:/127.0.0.1:57745 - R:localhost/127.0.0.1:52831]
15:36:45.103 [main] DEBUG net.serenitybdd.core.photography.Darkroom - Send negative for processing for target\site\serenity\66be97047e6167e11dbe91b68e4a22e675d657e3f92a8c80afba8fee62bd5186.png
15:36:45.112 [Forwarding findElement on session 87cab5756bb0dfc5ba103b2f1b2c951a to remote] DEBUG org.asynchttpclient.netty.request.NettyRequestSender - Using pooled Channel '[id: 0xc5f99abe, L:/127.0.0.1:57745 - R:localhost/127.0.0.1:52831]' for 'POST' to 'http://localhost:52831/session/87cab5756bb0dfc5ba103b2f1b2c951a/element'
15:36:45.112 [Forwarding findElement on session 87cab5756bb0dfc5ba103b2f1b2c951a to remote] DEBUG org.asynchttpclient.netty.request.NettyRequestSender - Using open Channel [id: 0xc5f99abe, L:/127.0.0.1:57745 - R:localhost/127.0.0.1:52831] for POST '/session/87cab5756bb0dfc5ba103b2f1b2c951a/element'
15:36:45.124 [AsyncHttpClient-1-5] DEBUG org.asynchttpclient.netty.handler.HttpHandler - 

Request DefaultHttpRequest(decodeResult: success, version: HTTP/1.1)
POST /session/87cab5756bb0dfc5ba103b2f1b2c951a/element HTTP/1.1
User-Agent: selenium/4.1.2 (java windows)
Content-Length: 108
Content-Type: application/json; charset=utf-8
host: localhost:52831
accept: */*

Response DefaultHttpResponse(decodeResult: success, version: HTTP/1.1)
HTTP/1.1 200 OK
Content-Type: application/json; charset=utf-8
cache-control: no-cache
content-length: 88

15:36:45.125 [AsyncHttpClient-1-5] DEBUG org.asynchttpclient.netty.channel.ChannelManager - Adding key: http://localhost:52831 for channel [id: 0xc5f99abe, L:/127.0.0.1:57745 - R:localhost/127.0.0.1:52831]
15:36:45.126 [Forwarding getElementTagName on session 87cab5756bb0dfc5ba103b2f1b2c951a to remote] DEBUG org.asynchttpclient.netty.request.NettyRequestSender - Using pooled Channel '[id: 0xc5f99abe, L:/127.0.0.1:57745 - R:localhost/127.0.0.1:52831]' for 'GET' to 'http://localhost:52831/session/87cab5756bb0dfc5ba103b2f1b2c951a/element/cf69f0e5-2048-4eec-a1eb-b080c4d326c3/name'
15:36:45.126 [Forwarding getElementTagName on session 87cab5756bb0dfc5ba103b2f1b2c951a to remote] DEBUG org.asynchttpclient.netty.request.NettyRequestSender - Using open Channel [id: 0xc5f99abe, L:/127.0.0.1:57745 - R:localhost/127.0.0.1:52831] for GET '/session/87cab5756bb0dfc5ba103b2f1b2c951a/element/cf69f0e5-2048-4eec-a1eb-b080c4d326c3/name'
15:36:45.130 [AsyncHttpClient-1-5] DEBUG org.asynchttpclient.netty.handler.HttpHandler - 

Request DefaultFullHttpRequest(decodeResult: success, version: HTTP/1.1, content: EmptyByteBufBE)
GET /session/87cab5756bb0dfc5ba103b2f1b2c951a/element/cf69f0e5-2048-4eec-a1eb-b080c4d326c3/name HTTP/1.1
User-Agent: selenium/4.1.2 (java windows)
Cache-Control: no-cache
Content-Type: application/json; charset=utf-8
host: localhost:52831
accept: */*

Response DefaultHttpResponse(decodeResult: success, version: HTTP/1.1)
HTTP/1.1 200 OK
Content-Type: application/json; charset=utf-8
cache-control: no-cache
content-length: 16

15:36:45.131 [AsyncHttpClient-1-5] DEBUG org.asynchttpclient.netty.channel.ChannelManager - Adding key: http://localhost:52831 for channel [id: 0xc5f99abe, L:/127.0.0.1:57745 - R:localhost/127.0.0.1:52831]
15:36:45.133 [Forwarding getElementTagName on session 87cab5756bb0dfc5ba103b2f1b2c951a to remote] DEBUG org.asynchttpclient.netty.request.NettyRequestSender - Using pooled Channel '[id: 0xc5f99abe, L:/127.0.0.1:57745 - R:localhost/127.0.0.1:52831]' for 'GET' to 'http://localhost:52831/session/87cab5756bb0dfc5ba103b2f1b2c951a/element/cf69f0e5-2048-4eec-a1eb-b080c4d326c3/name'
15:36:45.133 [Forwarding getElementTagName on session 87cab5756bb0dfc5ba103b2f1b2c951a to remote] DEBUG org.asynchttpclient.netty.request.NettyRequestSender - Using open Channel [id: 0xc5f99abe, L:/127.0.0.1:57745 - R:localhost/127.0.0.1:52831] for GET '/session/87cab5756bb0dfc5ba103b2f1b2c951a/element/cf69f0e5-2048-4eec-a1eb-b080c4d326c3/name'
15:36:45.137 [AsyncHttpClient-1-5] DEBUG org.asynchttpclient.netty.handler.HttpHandler - 

Request DefaultFullHttpRequest(decodeResult: success, version: HTTP/1.1, content: EmptyByteBufBE)
GET /session/87cab5756bb0dfc5ba103b2f1b2c951a/element/cf69f0e5-2048-4eec-a1eb-b080c4d326c3/name HTTP/1.1
User-Agent: selenium/4.1.2 (java windows)
Cache-Control: no-cache
Content-Type: application/json; charset=utf-8
host: localhost:52831
accept: */*

Response DefaultHttpResponse(decodeResult: success, version: HTTP/1.1)
HTTP/1.1 200 OK
Content-Type: application/json; charset=utf-8
cache-control: no-cache
content-length: 16

15:36:45.137 [AsyncHttpClient-1-5] DEBUG org.asynchttpclient.netty.channel.ChannelManager - Adding key: http://localhost:52831 for channel [id: 0xc5f99abe, L:/127.0.0.1:57745 - R:localhost/127.0.0.1:52831]
15:36:45.140 [Forwarding findElement on session 87cab5756bb0dfc5ba103b2f1b2c951a to remote] DEBUG org.asynchttpclient.netty.request.NettyRequestSender - Using pooled Channel '[id: 0xc5f99abe, L:/127.0.0.1:57745 - R:localhost/127.0.0.1:52831]' for 'POST' to 'http://localhost:52831/session/87cab5756bb0dfc5ba103b2f1b2c951a/element'
15:36:45.140 [Forwarding findElement on session 87cab5756bb0dfc5ba103b2f1b2c951a to remote] DEBUG org.asynchttpclient.netty.request.NettyRequestSender - Using open Channel [id: 0xc5f99abe, L:/127.0.0.1:57745 - R:localhost/127.0.0.1:52831] for POST '/session/87cab5756bb0dfc5ba103b2f1b2c951a/element'
15:36:45.149 [AsyncHttpClient-1-5] DEBUG org.asynchttpclient.netty.handler.HttpHandler - 

Request DefaultHttpRequest(decodeResult: success, version: HTTP/1.1)
POST /session/87cab5756bb0dfc5ba103b2f1b2c951a/element HTTP/1.1
User-Agent: selenium/4.1.2 (java windows)
Content-Length: 108
Content-Type: application/json; charset=utf-8
host: localhost:52831
accept: */*

Response DefaultHttpResponse(decodeResult: success, version: HTTP/1.1)
HTTP/1.1 200 OK
Content-Type: application/json; charset=utf-8
cache-control: no-cache
content-length: 88

15:36:45.149 [AsyncHttpClient-1-5] DEBUG org.asynchttpclient.netty.channel.ChannelManager - Adding key: http://localhost:52831 for channel [id: 0xc5f99abe, L:/127.0.0.1:57745 - R:localhost/127.0.0.1:52831]
15:36:45.151 [Forwarding clickElement on session 87cab5756bb0dfc5ba103b2f1b2c951a to remote] DEBUG org.asynchttpclient.netty.request.NettyRequestSender - Using pooled Channel '[id: 0xc5f99abe, L:/127.0.0.1:57745 - R:localhost/127.0.0.1:52831]' for 'POST' to 'http://localhost:52831/session/87cab5756bb0dfc5ba103b2f1b2c951a/element/cf69f0e5-2048-4eec-a1eb-b080c4d326c3/click'
15:36:45.151 [Forwarding clickElement on session 87cab5756bb0dfc5ba103b2f1b2c951a to remote] DEBUG org.asynchttpclient.netty.request.NettyRequestSender - Using open Channel [id: 0xc5f99abe, L:/127.0.0.1:57745 - R:localhost/127.0.0.1:52831] for POST '/session/87cab5756bb0dfc5ba103b2f1b2c951a/element/cf69f0e5-2048-4eec-a1eb-b080c4d326c3/click'
15:36:45.351 [AsyncHttpClient-1-5] DEBUG org.asynchttpclient.netty.handler.HttpHandler - 

Request DefaultHttpRequest(decodeResult: success, version: HTTP/1.1)
POST /session/87cab5756bb0dfc5ba103b2f1b2c951a/element/cf69f0e5-2048-4eec-a1eb-b080c4d326c3/click HTTP/1.1
User-Agent: selenium/4.1.2 (java windows)
Content-Length: 50
Content-Type: application/json; charset=utf-8
host: localhost:52831
accept: */*

Response DefaultHttpResponse(decodeResult: success, version: HTTP/1.1)
HTTP/1.1 200 OK
Content-Type: application/json; charset=utf-8
cache-control: no-cache
content-length: 14

15:36:45.352 [AsyncHttpClient-1-5] DEBUG org.asynchttpclient.netty.channel.ChannelManager - Adding key: http://localhost:52831 for channel [id: 0xc5f99abe, L:/127.0.0.1:57745 - R:localhost/127.0.0.1:52831]
  &amp#27;[32mWhen &amp#27;[0m&amp#27;[32mI will go to &amp#27;[0m&amp#27;[32m&amp#27;[1m"pakaianNewborn1"&amp#27;[0m &amp#27;[90m# starter.stepdefinitions.BabyStep.iWillGoTo(java.lang.String)&amp#27;[0m
[...]
15:38:54.436 [Forwarding clickElement on session 26079f167df7c71a30170f51efee8486 to remote] DEBUG org.asynchttpclient.netty.request.NettyRequestSender - Using open Channel [id: 0x16e298e1, L:/127.0.0.1:59358 - R:localhost/127.0.0.1:50340] for POST '/session/26079f167df7c71a30170f51efee8486/element/0e4d12a1-9f80-4799-b58e-3784491b1e81/click'
15:38:54.630 [AsyncHttpClient-1-1] DEBUG org.asynchttpclient.netty.channel.DefaultChannelPool - Entry count for : http://localhost:59360 : 1
15:38:54.916 [AsyncHttpClient-1-9] DEBUG org.asynchttpclient.netty.handler.HttpHandler - 

Request DefaultHttpRequest(decodeResult: success, version: HTTP/1.1)
POST /session/26079f167df7c71a30170f51efee8486/element/0e4d12a1-9f80-4799-b58e-3784491b1e81/click HTTP/1.1
User-Agent: selenium/4.1.2 (java windows)
Content-Length: 50
Content-Type: application/json; charset=utf-8
host: localhost:50340
accept: */*

Response DefaultHttpResponse(decodeResult: success, version: HTTP/1.1)
HTTP/1.1 200 OK
Content-Type: application/json; charset=utf-8
cache-control: no-cache
content-length: 14

15:38:54.916 [AsyncHttpClient-1-9] DEBUG org.asynchttpclient.netty.channel.ChannelManager - Adding key: http://localhost:50340 for channel [id: 0x16e298e1, L:/127.0.0.1:59358 - R:localhost/127.0.0.1:50340]
  &amp#27;[32mThen &amp#27;[0m&amp#27;[32mI click baby on the header&amp#27;[0m &amp#27;[90m# starter.stepdefinitions.BabyStep.iClickBabyOnTheHeader()&amp#27;[0m
15:38:54.929 [Forwarding screenshot on session 26079f167df7c71a30170f51efee8486 to remote] DEBUG org.asynchttpclient.netty.request.NettyRequestSender - Using pooled Channel '[id: 0x16e298e1, L:/127.0.0.1:59358 - R:localhost/127.0.0.1:50340]' for 'GET' to 'http://localhost:50340/session/26079f167df7c71a30170f51efee8486/screenshot'
15:38:54.930 [Forwarding screenshot on session 26079f167df7c71a30170f51efee8486 to remote] DEBUG org.asynchttpclient.netty.request.NettyRequestSender - Using open Channel [id: 0x16e298e1, L:/127.0.0.1:59358 - R:localhost/127.0.0.1:50340] for GET '/session/26079f167df7c71a30170f51efee8486/screenshot'
15:38:55.718 [AsyncHttpClient-1-1] DEBUG org.asynchttpclient.netty.channel.DefaultChannelPool - Entry count for : http://localhost:59360 : 1
15:38:55.862 [AsyncHttpClient-1-9] DEBUG org.asynchttpclient.netty.handler.HttpHandler - 

Request DefaultFullHttpRequest(decodeResult: success, version: HTTP/1.1, content: EmptyByteBufBE)
GET /session/26079f167df7c71a30170f51efee8486/screenshot HTTP/1.1
User-Agent: selenium/4.1.2 (java windows)
Cache-Control: no-cache
Content-Type: application/json; charset=utf-8
host: localhost:50340
accept: */*

Response DefaultHttpResponse(decodeResult: success, version: HTTP/1.1)
HTTP/1.1 200 OK
Content-Type: application/json; charset=utf-8
cache-control: no-cache
content-length: 137776

15:38:55.862 [AsyncHttpClient-1-9] DEBUG org.asynchttpclient.netty.channel.ChannelManager - Adding key: http://localhost:50340 for channel [id: 0x16e298e1, L:/127.0.0.1:59358 - R:localhost/127.0.0.1:50340]
15:38:55.867 [main] DEBUG net.serenitybdd.core.photography.Darkroom - Send negative for processing for target\site\serenity\66be97047e6167e11dbe91b68e4a22e675d657e3f92a8c80afba8fee62bd5186.png
15:38:55.874 [Forwarding findElement on session 26079f167df7c71a30170f51efee8486 to remote] DEBUG org.asynchttpclient.netty.request.NettyRequestSender - Using pooled Channel '[id: 0x16e298e1, L:/127.0.0.1:59358 - R:localhost/127.0.0.1:50340]' for 'POST' to 'http://localhost:50340/session/26079f167df7c71a30170f51efee8486/element'
15:38:55.874 [Forwarding findElement on session 26079f167df7c71a30170f51efee8486 to remote] DEBUG org.asynchttpclient.netty.request.NettyRequestSender - Using open Channel [id: 0x16e298e1, L:/127.0.0.1:59358 - R:localhost/127.0.0.1:50340] for POST '/session/26079f167df7c71a30170f51efee8486/element'
15:38:55.885 [AsyncHttpClient-1-9] DEBUG org.asynchttpclient.netty.handler.HttpHandler - 

Request DefaultHttpRequest(decodeResult: success, version: HTTP/1.1)
POST /session/26079f167df7c71a30170f51efee8486/element HTTP/1.1
User-Agent: selenium/4.1.2 (java windows)
Content-Length: 107
Content-Type: application/json; charset=utf-8
host: localhost:50340
accept: */*

Response DefaultHttpResponse(decodeResult: success, version: HTTP/1.1)
HTTP/1.1 200 OK
Content-Type: application/json; charset=utf-8
cache-control: no-cache
content-length: 88

15:38:55.886 [AsyncHttpClient-1-9] DEBUG org.asynchttpclient.netty.channel.ChannelManager - Adding key: http://localhost:50340 for channel [id: 0x16e298e1, L:/127.0.0.1:59358 - R:localhost/127.0.0.1:50340]
15:38:55.887 [Forwarding getElementTagName on session 26079f167df7c71a30170f51efee8486 to remote] DEBUG org.asynchttpclient.netty.request.NettyRequestSender - Using pooled Channel '[id: 0x16e298e1, L:/127.0.0.1:59358 - R:localhost/127.0.0.1:50340]' for 'GET' to 'http://localhost:50340/session/26079f167df7c71a30170f51efee8486/element/135152dc-8a6a-4297-825b-30211d45139a/name'
15:38:55.887 [Forwarding getElementTagName on session 26079f167df7c71a30170f51efee8486 to remote] DEBUG org.asynchttpclient.netty.request.NettyRequestSender - Using open Channel [id: 0x16e298e1, L:/127.0.0.1:59358 - R:localhost/127.0.0.1:50340] for GET '/session/26079f167df7c71a30170f51efee8486/element/135152dc-8a6a-4297-825b-30211d45139a/name'
15:38:55.891 [AsyncHttpClient-1-9] DEBUG org.asynchttpclient.netty.handler.HttpHandler - 

Request DefaultFullHttpRequest(decodeResult: success, version: HTTP/1.1, content: EmptyByteBufBE)
GET /session/26079f167df7c71a30170f51efee8486/element/135152dc-8a6a-4297-825b-30211d45139a/name HTTP/1.1
User-Agent: selenium/4.1.2 (java windows)
Cache-Control: no-cache
Content-Type: application/json; charset=utf-8
host: localhost:50340
accept: */*

Response DefaultHttpResponse(decodeResult: success, version: HTTP/1.1)
HTTP/1.1 200 OK
Content-Type: application/json; charset=utf-8
cache-control: no-cache
content-length: 16

15:38:55.891 [AsyncHttpClient-1-9] DEBUG org.asynchttpclient.netty.channel.ChannelManager - Adding key: http://localhost:50340 for channel [id: 0x16e298e1, L:/127.0.0.1:59358 - R:localhost/127.0.0.1:50340]
15:38:55.892 [Forwarding getElementTagName on session 26079f167df7c71a30170f51efee8486 to remote] DEBUG org.asynchttpclient.netty.request.NettyRequestSender - Using pooled Channel '[id: 0x16e298e1, L:/127.0.0.1:59358 - R:localhost/127.0.0.1:50340]' for 'GET' to 'http://localhost:50340/session/26079f167df7c71a30170f51efee8486/element/135152dc-8a6a-4297-825b-30211d45139a/name'
15:38:55.892 [Forwarding getElementTagName on session 26079f167df7c71a30170f51efee8486 to remote] DEBUG org.asynchttpclient.netty.request.NettyRequestSender - Using open Channel [id: 0x16e298e1, L:/127.0.0.1:59358 - R:localhost/127.0.0.1:50340] for GET '/session/26079f167df7c71a30170f51efee8486/element/135152dc-8a6a-4297-825b-30211d45139a/name'
15:38:55.895 [AsyncHttpClient-1-9] DEBUG org.asynchttpclient.netty.handler.HttpHandler - 

Request DefaultFullHttpRequest(decodeResult: success, version: HTTP/1.1, content: EmptyByteBufBE)
GET /session/26079f167df7c71a30170f51efee8486/element/135152dc-8a6a-4297-825b-30211d45139a/name HTTP/1.1
User-Agent: selenium/4.1.2 (java windows)
Cache-Control: no-cache
Content-Type: application/json; charset=utf-8
host: localhost:50340
accept: */*

Response DefaultHttpResponse(decodeResult: success, version: HTTP/1.1)
HTTP/1.1 200 OK
Content-Type: application/json; charset=utf-8
cache-control: no-cache
content-length: 16

15:38:55.895 [AsyncHttpClient-1-9] DEBUG org.asynchttpclient.netty.channel.ChannelManager - Adding key: http://localhost:50340 for channel [id: 0x16e298e1, L:/127.0.0.1:59358 - R:localhost/127.0.0.1:50340]
15:38:55.896 [Forwarding findElement on session 26079f167df7c71a30170f51efee8486 to remote] DEBUG org.asynchttpclient.netty.request.NettyRequestSender - Using pooled Channel '[id: 0x16e298e1, L:/127.0.0.1:59358 - R:localhost/127.0.0.1:50340]' for 'POST' to 'http://localhost:50340/session/26079f167df7c71a30170f51efee8486/element'
15:38:55.896 [Forwarding findElement on session 26079f167df7c71a30170f51efee8486 to remote] DEBUG org.asynchttpclient.netty.request.NettyRequestSender - Using open Channel [id: 0x16e298e1, L:/127.0.0.1:59358 - R:localhost/127.0.0.1:50340] for POST '/session/26079f167df7c71a30170f51efee8486/element'
15:38:55.904 [AsyncHttpClient-1-9] DEBUG org.asynchttpclient.netty.handler.HttpHandler - 

Request DefaultHttpRequest(decodeResult: success, version: HTTP/1.1)
POST /session/26079f167df7c71a30170f51efee8486/element HTTP/1.1
User-Agent: selenium/4.1.2 (java windows)
Content-Length: 107
Content-Type: application/json; charset=utf-8
host: localhost:50340
accept: */*

Response DefaultHttpResponse(decodeResult: success, version: HTTP/1.1)
HTTP/1.1 200 OK
Content-Type: application/json; charset=utf-8
cache-control: no-cache
content-length: 88

15:38:55.904 [AsyncHttpClient-1-9] DEBUG org.asynchttpclient.netty.channel.ChannelManager - Adding key: http://localhost:50340 for channel [id: 0x16e298e1, L:/127.0.0.1:59358 - R:localhost/127.0.0.1:50340]
15:38:55.906 [Forwarding clickElement on session 26079f167df7c71a30170f51efee8486 to remote] DEBUG org.asynchttpclient.netty.request.NettyRequestSender - Using pooled Channel '[id: 0x16e298e1, L:/127.0.0.1:59358 - R:localhost/127.0.0.1:50340]' for 'POST' to 'http://localhost:50340/session/26079f167df7c71a30170f51efee8486/element/135152dc-8a6a-4297-825b-30211d45139a/click'
15:38:55.906 [Forwarding clickElement on session 26079f167df7c71a30170f51efee8486 to remote] DEBUG org.asynchttpclient.netty.request.NettyRequestSender - Using open Channel [id: 0x16e298e1, L:/127.0.0.1:59358 - R:localhost/127.0.0.1:50340] for POST '/session/26079f167df7c71a30170f51efee8486/element/135152dc-8a6a-4297-825b-30211d45139a/click'
15:38:56.088 [AsyncHttpClient-1-9] DEBUG org.asynchttpclient.netty.handler.HttpHandler - 

Request DefaultHttpRequest(decodeResult: success, version: HTTP/1.1)
POST /session/26079f167df7c71a30170f51efee8486/element/135152dc-8a6a-4297-825b-30211d45139a/click HTTP/1.1
User-Agent: selenium/4.1.2 (java windows)
Content-Length: 50
Content-Type: application/json; charset=utf-8
host: localhost:50340
accept: */*

Response DefaultHttpResponse(decodeResult: success, version: HTTP/1.1)
HTTP/1.1 200 OK
Content-Type: application/json; charset=utf-8
cache-control: no-cache
content-length: 14

15:38:56.088 [AsyncHttpClient-1-9] DEBUG org.asynchttpclient.netty.channel.ChannelManager - Adding key: http://localhost:50340 for channel [id: 0x16e298e1, L:/127.0.0.1:59358 - R:localhost/127.0.0.1:50340]
  &amp#27;[32mWhen &amp#27;[0m&amp#27;[32mI will go to &amp#27;[0m&amp#27;[32m&amp#27;[1m"aksesoris2"&amp#27;[0m  &amp#27;[90m# starter.stepdefinitions.BabyStep.iWillGoTo(java.lang.String)&amp#27;[0m
15:38:56.096 [Forwarding screenshot on session 26079f167df7c71a30170f51efee8486 to remote] DEBUG org.asynchttpclient.netty.request.NettyRequestSender - Using pooled Channel '[id: 0x16e298e1, L:/127.0.0.1:59358 - R:localhost/127.0.0.1:50340]' for 'GET' to 'http://localhost:50340/session/26079f167df7c71a30170f51efee8486/screenshot'
15:38:56.096 [Forwarding screenshot on session 26079f167df7c71a30170f51efee8486 to remote] DEBUG org.asynchttpclient.netty.request.NettyRequestSender - Using open Channel [id: 0x16e298e1, L:/127.0.0.1:59358 - R:localhost/127.0.0.1:50340] for GET '/session/26079f167df7c71a30170f51efee8486/screenshot'
15:38:56.419 [AsyncHttpClient-1-9] DEBUG org.asynchttpclient.netty.handler.HttpHandler - 

Request DefaultFullHttpRequest(decodeResult: success, version: HTTP/1.1, content: EmptyByteBufBE)
GET /session/26079f167df7c71a30170f51efee8486/screenshot HTTP/1.1
User-Agent: selenium/4.1.2 (java windows)
Cache-Control: no-cache
Content-Type: application/json; charset=utf-8
host: localhost:50340
accept: */*

Response DefaultHttpResponse(decodeResult: success, version: HTTP/1.1)
HTTP/1.1 200 OK
Content-Type: application/json; charset=utf-8
cache-control: no-cache
content-length: 82600

15:38:56.420 [AsyncHttpClient-1-9] DEBUG org.asynchttpclient.netty.channel.ChannelManager - Adding key: http://localhost:50340 for channel [id: 0x16e298e1, L:/127.0.0.1:59358 - R:localhost/127.0.0.1:50340]
15:38:56.424 [main] DEBUG net.serenitybdd.core.photography.Darkroom - Send negative for processing for target\site\serenity\cc4f8adf80f27b4ec0420c88e90477eeed4d195e7d39e470076c3eaf51f79f83.png
15:38:56.425 [Darkroom Processing Line] DEBUG net.serenitybdd.core.photography.DarkroomProcessingLine - Processing screenshot image in /var/screenshots/screenshot-1476504103373248880
15:38:56.425 [Darkroom Processing Line] DEBUG net.serenitybdd.core.photography.DarkroomProcessingLine - Saving screenshot to target\site\serenity\cc4f8adf80f27b4ec0420c88e90477eeed4d195e7d39e470076c3eaf51f79f83.png
  &amp#27;[32mAnd &amp#27;[0m&amp#27;[32mI &amp#27;[0m&amp#27;[32m&amp#27;[1m""&amp#27;[0m&amp#27;[32m page&amp#27;[0m                   &amp#27;[90m# starter.stepdefinitions.BabyStep.iPage(java.lang.String)&amp#27;[0m
15:38:56.437 [AsyncHttpClient-1-11] DEBUG org.asynchttpclient.netty.handler.WebSocketHandler - Channel Closed: [id: 0xdb9795fa, L:/127.0.0.1:59367 ! R:localhost/127.0.0.1:59360] with attribute NettyResponseFuture{currentRetry=5,
	isDone=1,
	isCancelled=0,
	asyncHandler=org.asynchttpclient.ws.WebSocketUpgradeHandler@2dba27f6,
	nettyRequest=org.asynchttpclient.netty.request.NettyRequest@7af66fd,
	future=java.util.concurrent.CompletableFuture@2cf0ebbd[Completed normally],
	uri=ws://localhost:59360/devtools/browser/6a379085-8c48-44cf-966f-38aabf05ad66,
	keepAlive=true,
	redirectCount=0,
	timeoutsHolder=null,
	inAuth=0,
	touch=1680683928307}
15:38:56.437 [AsyncHttpClient-1-11] DEBUG org.asynchttpclient.netty.channel.ChannelManager - Closing Channel [id: 0xdb9795fa, L:/127.0.0.1:59367 ! R:localhost/127.0.0.1:59360] 
15:38:56.437 [Driver Command Executor] DEBUG org.asynchttpclient.netty.request.NettyRequestSender - Using pooled Channel '[id: 0x16e298e1, L:/127.0.0.1:59358 - R:localhost/127.0.0.1:50340]' for 'DELETE' to 'http://localhost:50340/session/26079f167df7c71a30170f51efee8486'
15:38:56.437 [Driver Command Executor] DEBUG org.asynchttpclient.netty.request.NettyRequestSender - Using open Channel [id: 0x16e298e1, L:/127.0.0.1:59358 - R:localhost/127.0.0.1:50340] for DELETE '/session/26079f167df7c71a30170f51efee8486'
15:38:56.464 [AsyncHttpClient-1-10] DEBUG org.asynchttpclient.netty.handler.HttpHandler - Unexpected I/O exception on channel [id: 0x81bcec9d, L:/127.0.0.1:59366 - R:localhost/127.0.0.1:59360]
java.net.SocketException: Connection reset
	at java.base/sun.nio.ch.SocketChannelImpl.throwConnectionReset(SocketChannelImpl.java:345)
	at java.base/sun.nio.ch.SocketChannelImpl.read(SocketChannelImpl.java:376)
	at io.netty.buffer.PooledByteBuf.setBytes(PooledByteBuf.java:258)
	at io.netty.buffer.AbstractByteBuf.writeBytes(AbstractByteBuf.java:1132)
	at io.netty.channel.socket.nio.NioSocketChannel.doReadBytes(NioSocketChannel.java:350)
	at io.netty.channel.nio.AbstractNioByteChannel$NioByteUnsafe.read(AbstractNioByteChannel.java:151)
	at io.netty.channel.nio.NioEventLoop.processSelectedKey(NioEventLoop.java:722)
	at io.netty.channel.nio.NioEventLoop.processSelectedKeysOptimized(NioEventLoop.java:658)
	at io.netty.channel.nio.NioEventLoop.processSelectedKeys(NioEventLoop.java:584)
	at io.netty.channel.nio.NioEventLoop.run(NioEventLoop.java:496)
	at io.netty.util.concurrent.SingleThreadEventExecutor$4.run(SingleThreadEventExecutor.java:986)
	at io.netty.util.internal.ThreadExecutorMap$2.run(ThreadExecutorMap.java:74)
	at io.netty.util.concurrent.FastThreadLocalRunnable.run(FastThreadLocalRunnable.java:30)
	at java.base/java.lang.Thread.run(Thread.java:830)
15:38:56.464 [AsyncHttpClient-1-10] DEBUG org.asynchttpclient.netty.channel.ChannelManager - Closing Channel [id: 0x81bcec9d, L:/127.0.0.1:59366 - R:localhost/127.0.0.1:59360] 
15:38:56.464 [AsyncHttpClient-1-10] DEBUG org.asynchttpclient.netty.handler.HttpHandler - Channel Closed: [id: 0x81bcec9d, L:/127.0.0.1:59366 ! R:localhost/127.0.0.1:59360] with attribute DISCARD
15:38:56.510 [AsyncHttpClient-1-9] DEBUG org.asynchttpclient.netty.handler.HttpHandler - 

Request DefaultFullHttpRequest(decodeResult: success, version: HTTP/1.1, content: EmptyByteBufBE)
DELETE /session/26079f167df7c71a30170f51efee8486 HTTP/1.1
User-Agent: selenium/4.1.2 (java windows)
Content-Type: application/json; charset=utf-8
host: localhost:50340
accept: */*

Response DefaultHttpResponse(decodeResult: success, version: HTTP/1.1)
HTTP/1.1 200 OK
Content-Type: application/json; charset=utf-8
cache-control: no-cache
content-length: 14

15:38:56.511 [AsyncHttpClient-1-9] DEBUG org.asynchttpclient.netty.channel.ChannelManager - Adding key: http://localhost:50340 for channel [id: 0x16e298e1, L:/127.0.0.1:59358 - R:localhost/127.0.0.1:50340]
15:38:56.625 [AsyncHttpClient-1-9] DEBUG org.asynchttpclient.netty.handler.HttpHandler - Channel Closed: [id: 0x16e298e1, L:/127.0.0.1:59358 ! R:localhost/127.0.0.1:50340] with attribute DISCARD
15:38:56.816 [AsyncHttpClient-1-1] DEBUG org.asynchttpclient.netty.channel.DefaultChannelPool - Entry count for : http://localhost:50340 : 1
15:38:56.816 [AsyncHttpClient-1-1] DEBUG org.asynchttpclient.netty.channel.DefaultChannelPool - Entry count for : http://localhost:59360 : 1
15:38:56.816 [AsyncHttpClient-1-1] DEBUG org.asynchttpclient.netty.channel.DefaultChannelPool - Adding Candidate expired Channel [id: 0x16e298e1, L:/127.0.0.1:59358 ! R:localhost/127.0.0.1:50340] isIdleTimeoutExpired=false isRemotelyClosed=true isTtlExpired=false
15:38:56.816 [AsyncHttpClient-1-1] DEBUG org.asynchttpclient.netty.channel.DefaultChannelPool - Closing Idle Channel [id: 0x16e298e1, L:/127.0.0.1:59358 ! R:localhost/127.0.0.1:50340]
15:38:56.816 [AsyncHttpClient-1-1] DEBUG org.asynchttpclient.netty.channel.DefaultChannelPool - Adding Candidate expired Channel [id: 0x81bcec9d, L:/127.0.0.1:59366 ! R:localhost/127.0.0.1:59360] isIdleTimeoutExpired=false isRemotelyClosed=true isTtlExpired=false
15:38:56.816 [AsyncHttpClient-1-1] DEBUG org.asynchttpclient.netty.channel.DefaultChannelPool - Closing Idle Channel [id: 0x81bcec9d, L:/127.0.0.1:59366 ! R:localhost/127.0.0.1:59360]
15:38:56.816 [AsyncHttpClient-1-1] DEBUG org.asynchttpclient.netty.channel.DefaultChannelPool - Closed 2 connections out of 2 in 0 ms
]]></system-out>
    <system-err><![CDATA[Starting Microsoft Edge WebDriver 111.0.1661.62 (0a8f453929e6410c973aa529a40485ce4e3e03db) on port 50340
To submit feedback, report a bug, or suggest new features, please visit https://github.com/MicrosoftEdge/EdgeWebDriver

Only local connections are allowed.
Please see https://aka.ms/WebDriverSecurity for suggestions on keeping Microsoft Edge WebDriver safe.

Microsoft Edge WebDriver was started successfully.
Apr 05, 2023 3:38:48 PM org.openqa.selenium.remote.ProtocolHandshake createSession
INFO: Detected dialect: W3C
Apr 05, 2023 3:38:48 PM org.openqa.selenium.devtools.CdpVersionFinder findNearestMatch
WARNING: Unable to find an exact match for CDP version 111, so returning the closest version found: a no-op implementation
Apr 05, 2023 3:38:48 PM org.openqa.selenium.devtools.CdpVersionFinder findNearestMatch
INFO: Unable to find CDP implementation matching 111.
Apr 05, 2023 3:38:48 PM org.openqa.selenium.chromium.ChromiumDriver lambda$new$3
WARNING: Unable to find version of CDP to use for . You may need to include a dependency on a specific version of the CDP using something similar to `org.seleniumhq.selenium:selenium-devtools-v86:4.1.2` where the version ("v86") matches the version of the chromium-based browser you're using and the version number of the artifact is the same as Selenium's.
]]></system-err>
  </testcase>
</testsuite>