<?xml version="1.0" encoding="UTF-8" standalone="no"?><testsuite errors="0" failures="0" name="Baby" skipped="0" tests="14" time="249.21" timestamp="2023-04-03 11:10:08"><testcase name="Go to baby page"/><testcase name="Menu Pakaian Newboarn Bayi"/><testcase name="Menu Aksesoris bayi 1"/><testcase name="Menu Koleksi Newborn"/><testcase name="Menu Luaran 1"/><testcase name="Menu One Piece"/><testcase name="Menu Atasan 1"/><testcase name="Menu Baju Terusan"/><testcase name="Menu Legging"/><testcase name="Menu UT 1"/><testcase name="Menu Gaun 1"/><testcase name="Menu AIRism 1"/><testcase name="Menu Kaos Kaki 1"/><testcase name="Menu Aksesoris 2"/></testsuite>